{"C:\\Users\\Tsoogii\\Desktop\\sandbox\\Mercury\\Mercury\\Backend\\src\\config\\db.ts": {"path":"C:\\Users\\Tsoogii\\Desktop\\sandbox\\Mercury\\Mercury\\Backend\\src\\config\\db.ts","statementMap":{"0":{"start":{"line":1,"column":0},"end":{"line":1,"column":32}},"1":{"start":{"line":2,"column":0},"end":{"line":2,"column":28}},"2":{"start":{"line":4,"column":0},"end":{"line":4,"column":16}},"3":{"start":{"line":6,"column":18},"end":{"line":28,"column":1}},"4":{"start":{"line":7,"column":2},"end":{"line":27,"column":3}},"5":{"start":{"line":8,"column":21},"end":{"line":8,"column":54}},"6":{"start":{"line":10,"column":4},"end":{"line":12,"column":5}},"7":{"start":{"line":11,"column":6},"end":{"line":11,"column":77}},"8":{"start":{"line":14,"column":17},"end":{"line":14,"column":49}},"9":{"start":{"line":16,"column":4},"end":{"line":16,"column":62}},"10":{"start":{"line":18,"column":4},"end":{"line":25,"column":5}},"11":{"start":{"line":19,"column":6},"end":{"line":19,"column":47}},"12":{"start":{"line":20,"column":6},"end":{"line":20,"column":76}},"13":{"start":{"line":23,"column":6},"end":{"line":23,"column":77}},"14":{"start":{"line":24,"column":6},"end":{"line":24,"column":76}},"15":{"start":{"line":30,"column":0},"end":{"line":30,"column":25}}},"fnMap":{"0":{"name":"(anonymous_1)","decl":{"start":{"line":6,"column":18},"end":{"line":6,"column":23}},"loc":{"start":{"line":6,"column":44},"end":{"line":28,"column":1}}}},"branchMap":{"0":{"loc":{"start":{"line":10,"column":4},"end":{"line":12,"column":5}},"type":"if","locations":[{"start":{"line":10,"column":4},"end":{"line":12,"column":5}}]},"1":{"loc":{"start":{"line":18,"column":4},"end":{"line":25,"column":5}},"type":"if","locations":[{"start":{"line":18,"column":4},"end":{"line":25,"column":5}},{"start":{"line":22,"column":11},"end":{"line":25,"column":5}}]}},"s":{"0":0,"1":0,"2":0,"3":0,"4":0,"5":0,"6":0,"7":0,"8":0,"9":0,"10":0,"11":0,"12":0,"13":0,"14":0,"15":0},"f":{"0":0},"b":{"0":[0],"1":[0,0]}}
,"C:\\Users\\Tsoogii\\Desktop\\sandbox\\Mercury\\Mercury\\Backend\\src\\config\\firebase.ts": {"path":"C:\\Users\\Tsoogii\\Desktop\\sandbox\\Mercury\\Mercury\\Backend\\src\\config\\firebase.ts","statementMap":{"0":{"start":{"line":4,"column":0},"end":{"line":4,"column":85}},"1":{"start":{"line":7,"column":13},"end":{"line":7,"column":25}},"2":{"start":{"line":8,"column":13},"end":{"line":8,"column":30}},"3":{"start":{"line":9,"column":13},"end":{"line":9,"column":28}},"4":{"start":{"line":11,"column":0},"end":{"line":11,"column":20}}},"fnMap":{},"branchMap":{},"s":{"0":0,"1":0,"2":0,"3":0,"4":0},"f":{},"b":{}}
,"C:\\Users\\Tsoogii\\Desktop\\sandbox\\Mercury\\Mercury\\Backend\\src\\controllers\\authController.ts": {"path":"C:\\Users\\Tsoogii\\Desktop\\sandbox\\Mercury\\Mercury\\Backend\\src\\controllers\\authController.ts","statementMap":{"0":{"start":{"line":2,"column":0},"end":{"line":2,"column":33}},"1":{"start":{"line":4,"column":0},"end":{"line":4,"column":null}},"2":{"start":{"line":15,"column":24},"end":{"line":118,"column":1}},"3":{"start":{"line":16,"column":2},"end":{"line":117,"column":3}},"4":{"start":{"line":17,"column":4},"end":{"line":20,"column":7}},"5":{"start":{"line":22,"column":48},"end":{"line":22,"column":56}},"6":{"start":{"line":25,"column":4},"end":{"line":37,"column":5}},"7":{"start":{"line":26,"column":6},"end":{"line":31,"column":9}},"8":{"start":{"line":33,"column":6},"end":{"line":36,"column":9}},"9":{"start":{"line":40,"column":23},"end":{"line":42,"column":6}},"10":{"start":{"line":44,"column":4},"end":{"line":54,"column":5}},"11":{"start":{"line":45,"column":6},"end":{"line":48,"column":9}},"12":{"start":{"line":50,"column":6},"end":{"line":53,"column":9}},"13":{"start":{"line":57,"column":27},"end":{"line":57,"column":55}},"14":{"start":{"line":60,"column":17},"end":{"line":66,"column":15}},"15":{"start":{"line":69,"column":42},"end":{"line":69,"column":77}},"16":{"start":{"line":72,"column":4},"end":{"line":72,"column":37}},"17":{"start":{"line":73,"column":4},"end":{"line":73,"column":22}},"18":{"start":{"line":74,"column":4},"end":{"line":83,"column":7}},"19":{"start":{"line":85,"column":4},"end":{"line":85,"column":48}},"20":{"start":{"line":87,"column":4},"end":{"line":116,"column":5}},"21":{"start":{"line":89,"column":6},"end":{"line":96,"column":7}},"22":{"start":{"line":90,"column":8},"end":{"line":90,"column":50}},"23":{"start":{"line":91,"column":8},"end":{"line":95,"column":11}},"24":{"start":{"line":99,"column":6},"end":{"line":105,"column":7}},"25":{"start":{"line":100,"column":8},"end":{"line":100,"column":53}},"26":{"start":{"line":101,"column":8},"end":{"line":104,"column":11}},"27":{"start":{"line":107,"column":6},"end":{"line":110,"column":9}},"28":{"start":{"line":112,"column":6},"end":{"line":115,"column":9}},"29":{"start":{"line":15,"column":13},"end":{"line":15,"column":24}},"30":{"start":{"line":123,"column":21},"end":{"line":181,"column":1}},"31":{"start":{"line":124,"column":2},"end":{"line":180,"column":3}},"32":{"start":{"line":125,"column":32},"end":{"line":125,"column":40}},"33":{"start":{"line":128,"column":4},"end":{"line":133,"column":5}},"34":{"start":{"line":129,"column":6},"end":{"line":132,"column":9}},"35":{"start":{"line":136,"column":17},"end":{"line":136,"column":55}},"36":{"start":{"line":137,"column":4},"end":{"line":142,"column":5}},"37":{"start":{"line":138,"column":6},"end":{"line":141,"column":9}},"38":{"start":{"line":145,"column":4},"end":{"line":150,"column":5}},"39":{"start":{"line":146,"column":6},"end":{"line":149,"column":9}},"40":{"start":{"line":153,"column":42},"end":{"line":153,"column":77}},"41":{"start":{"line":154,"column":4},"end":{"line":154,"column":37}},"42":{"start":{"line":155,"column":4},"end":{"line":155,"column":22}},"43":{"start":{"line":158,"column":4},"end":{"line":167,"column":7}},"44":{"start":{"line":169,"column":4},"end":{"line":179,"column":5}},"45":{"start":{"line":170,"column":6},"end":{"line":173,"column":9}},"46":{"start":{"line":175,"column":6},"end":{"line":178,"column":9}},"47":{"start":{"line":123,"column":13},"end":{"line":123,"column":21}},"48":{"start":{"line":186,"column":28},"end":{"line":241,"column":1}},"49":{"start":{"line":187,"column":2},"end":{"line":240,"column":3}},"50":{"start":{"line":188,"column":29},"end":{"line":188,"column":37}},"51":{"start":{"line":190,"column":4},"end":{"line":195,"column":5}},"52":{"start":{"line":191,"column":6},"end":{"line":194,"column":9}},"53":{"start":{"line":198,"column":20},"end":{"line":198,"column":52}},"54":{"start":{"line":199,"column":4},"end":{"line":204,"column":5}},"55":{"start":{"line":200,"column":6},"end":{"line":203,"column":9}},"56":{"start":{"line":207,"column":17},"end":{"line":207,"column":57}},"57":{"start":{"line":208,"column":4},"end":{"line":213,"column":5}},"58":{"start":{"line":209,"column":6},"end":{"line":212,"column":9}},"59":{"start":{"line":216,"column":19},"end":{"line":216,"column":54}},"60":{"start":{"line":219,"column":4},"end":{"line":219,"column":44}},"61":{"start":{"line":220,"column":4},"end":{"line":220,"column":22}},"62":{"start":{"line":223,"column":4},"end":{"line":227,"column":7}},"63":{"start":{"line":229,"column":4},"end":{"line":239,"column":5}},"64":{"start":{"line":230,"column":6},"end":{"line":233,"column":9}},"65":{"start":{"line":235,"column":6},"end":{"line":238,"column":9}},"66":{"start":{"line":186,"column":13},"end":{"line":186,"column":28}},"67":{"start":{"line":246,"column":22},"end":{"line":275,"column":1}},"68":{"start":{"line":247,"column":2},"end":{"line":274,"column":3}},"69":{"start":{"line":249,"column":4},"end":{"line":255,"column":5}},"70":{"start":{"line":250,"column":19},"end":{"line":250,"column":52}},"71":{"start":{"line":251,"column":6},"end":{"line":254,"column":7}},"72":{"start":{"line":252,"column":8},"end":{"line":252,"column":31}},"73":{"start":{"line":253,"column":8},"end":{"line":253,"column":26}},"74":{"start":{"line":258,"column":4},"end":{"line":261,"column":7}},"75":{"start":{"line":263,"column":4},"end":{"line":273,"column":5}},"76":{"start":{"line":264,"column":6},"end":{"line":267,"column":9}},"77":{"start":{"line":269,"column":6},"end":{"line":272,"column":9}},"78":{"start":{"line":246,"column":13},"end":{"line":246,"column":22}}},"fnMap":{"0":{"name":"(anonymous_0)","decl":{"start":{"line":15,"column":24},"end":{"line":15,"column":29}},"loc":{"start":{"line":15,"column":62},"end":{"line":118,"column":1}}},"1":{"name":"(anonymous_1)","decl":{"start":{"line":123,"column":21},"end":{"line":123,"column":26}},"loc":{"start":{"line":123,"column":59},"end":{"line":181,"column":1}}},"2":{"name":"(anonymous_2)","decl":{"start":{"line":186,"column":28},"end":{"line":186,"column":33}},"loc":{"start":{"line":186,"column":66},"end":{"line":241,"column":1}}},"3":{"name":"(anonymous_3)","decl":{"start":{"line":246,"column":22},"end":{"line":246,"column":27}},"loc":{"start":{"line":246,"column":60},"end":{"line":275,"column":1}}}},"branchMap":{"0":{"loc":{"start":{"line":19,"column":16},"end":{"line":19,"column":56}},"type":"cond-expr","locations":[{"start":{"line":19,"column":36},"end":{"line":19,"column":44}},{"start":{"line":19,"column":47},"end":{"line":19,"column":56}}]},"1":{"loc":{"start":{"line":25,"column":4},"end":{"line":37,"column":5}},"type":"if","locations":[{"start":{"line":25,"column":4},"end":{"line":37,"column":5}}]},"2":{"loc":{"start":{"line":25,"column":8},"end":{"line":25,"column":49}},"type":"binary-expr","locations":[{"start":{"line":25,"column":8},"end":{"line":25,"column":13}},{"start":{"line":25,"column":17},"end":{"line":25,"column":23}},{"start":{"line":25,"column":27},"end":{"line":25,"column":36}},{"start":{"line":25,"column":40},"end":{"line":25,"column":49}}]},"3":{"loc":{"start":{"line":44,"column":4},"end":{"line":54,"column":5}},"type":"if","locations":[{"start":{"line":44,"column":4},"end":{"line":54,"column":5}}]},"4":{"loc":{"start":{"line":87,"column":4},"end":{"line":116,"column":5}},"type":"if","locations":[{"start":{"line":87,"column":4},"end":{"line":116,"column":5}},{"start":{"line":111,"column":11},"end":{"line":116,"column":5}}]},"5":{"loc":{"start":{"line":89,"column":6},"end":{"line":96,"column":7}},"type":"if","locations":[{"start":{"line":89,"column":6},"end":{"line":96,"column":7}}]},"6":{"loc":{"start":{"line":99,"column":6},"end":{"line":105,"column":7}},"type":"if","locations":[{"start":{"line":99,"column":6},"end":{"line":105,"column":7}}]},"7":{"loc":{"start":{"line":99,"column":10},"end":{"line":99,"column":70}},"type":"binary-expr","locations":[{"start":{"line":99,"column":10},"end":{"line":99,"column":37}},{"start":{"line":99,"column":42},"end":{"line":99,"column":70}}]},"8":{"loc":{"start":{"line":128,"column":4},"end":{"line":133,"column":5}},"type":"if","locations":[{"start":{"line":128,"column":4},"end":{"line":133,"column":5}}]},"9":{"loc":{"start":{"line":128,"column":8},"end":{"line":128,"column":27}},"type":"binary-expr","locations":[{"start":{"line":128,"column":8},"end":{"line":128,"column":14}},{"start":{"line":128,"column":18},"end":{"line":128,"column":27}}]},"10":{"loc":{"start":{"line":137,"column":4},"end":{"line":142,"column":5}},"type":"if","locations":[{"start":{"line":137,"column":4},"end":{"line":142,"column":5}}]},"11":{"loc":{"start":{"line":145,"column":4},"end":{"line":150,"column":5}},"type":"if","locations":[{"start":{"line":145,"column":4},"end":{"line":150,"column":5}}]},"12":{"loc":{"start":{"line":169,"column":4},"end":{"line":179,"column":5}},"type":"if","locations":[{"start":{"line":169,"column":4},"end":{"line":179,"column":5}},{"start":{"line":174,"column":11},"end":{"line":179,"column":5}}]},"13":{"loc":{"start":{"line":190,"column":4},"end":{"line":195,"column":5}},"type":"if","locations":[{"start":{"line":190,"column":4},"end":{"line":195,"column":5}}]},"14":{"loc":{"start":{"line":199,"column":4},"end":{"line":204,"column":5}},"type":"if","locations":[{"start":{"line":199,"column":4},"end":{"line":204,"column":5}}]},"15":{"loc":{"start":{"line":208,"column":4},"end":{"line":213,"column":5}},"type":"if","locations":[{"start":{"line":208,"column":4},"end":{"line":213,"column":5}}]},"16":{"loc":{"start":{"line":208,"column":8},"end":{"line":208,"column":51}},"type":"binary-expr","locations":[{"start":{"line":208,"column":8},"end":{"line":208,"column":13}},{"start":{"line":208,"column":17},"end":{"line":208,"column":51}}]},"17":{"loc":{"start":{"line":229,"column":4},"end":{"line":239,"column":5}},"type":"if","locations":[{"start":{"line":229,"column":4},"end":{"line":239,"column":5}},{"start":{"line":234,"column":11},"end":{"line":239,"column":5}}]},"18":{"loc":{"start":{"line":249,"column":4},"end":{"line":255,"column":5}},"type":"if","locations":[{"start":{"line":249,"column":4},"end":{"line":255,"column":5}}]},"19":{"loc":{"start":{"line":251,"column":6},"end":{"line":254,"column":7}},"type":"if","locations":[{"start":{"line":251,"column":6},"end":{"line":254,"column":7}}]},"20":{"loc":{"start":{"line":263,"column":4},"end":{"line":273,"column":5}},"type":"if","locations":[{"start":{"line":263,"column":4},"end":{"line":273,"column":5}},{"start":{"line":268,"column":11},"end":{"line":273,"column":5}}]}},"s":{"0":1,"1":1,"2":1,"3":7,"4":7,"5":7,"6":7,"7":1,"8":1,"9":6,"10":6,"11":1,"12":1,"13":5,"14":5,"15":5,"16":5,"17":5,"18":5,"19":0,"20":0,"21":0,"22":0,"23":0,"24":0,"25":0,"26":0,"27":0,"28":0,"29":1,"30":1,"31":3,"32":3,"33":3,"34":0,"35":3,"36":3,"37":1,"38":2,"39":1,"40":1,"41":1,"42":1,"43":1,"44":0,"45":0,"46":0,"47":1,"48":1,"49":0,"50":0,"51":0,"52":0,"53":0,"54":0,"55":0,"56":0,"57":0,"58":0,"59":0,"60":0,"61":0,"62":0,"63":0,"64":0,"65":0,"66":1,"67":1,"68":0,"69":0,"70":0,"71":0,"72":0,"73":0,"74":0,"75":0,"76":0,"77":0,"78":1},"f":{"0":7,"1":3,"2":0,"3":0},"b":{"0":[7,0],"1":[1],"2":[7,7,7,6],"3":[1],"4":[0,0],"5":[0],"6":[0],"7":[0,0],"8":[0],"9":[3,3],"10":[1],"11":[1],"12":[0,0],"13":[0],"14":[0],"15":[0],"16":[0,0],"17":[0,0],"18":[0],"19":[0],"20":[0,0]}}
,"C:\\Users\\Tsoogii\\Desktop\\sandbox\\Mercury\\Mercury\\Backend\\src\\controllers\\commentController.ts": {"path":"C:\\Users\\Tsoogii\\Desktop\\sandbox\\Mercury\\Mercury\\Backend\\src\\controllers\\commentController.ts","statementMap":{"0":{"start":{"line":2,"column":0},"end":{"line":2,"column":56}},"1":{"start":{"line":3,"column":0},"end":{"line":3,"column":32}},"2":{"start":{"line":8,"column":29},"end":{"line":82,"column":1}},"3":{"start":{"line":9,"column":2},"end":{"line":81,"column":3}},"4":{"start":{"line":10,"column":24},"end":{"line":10,"column":32}},"5":{"start":{"line":11,"column":23},"end":{"line":11,"column":33}},"6":{"start":{"line":12,"column":21},"end":{"line":12,"column":46}},"7":{"start":{"line":13,"column":17},"end":{"line":13,"column":25}},"8":{"start":{"line":16,"column":4},"end":{"line":19,"column":5}},"9":{"start":{"line":17,"column":6},"end":{"line":17,"column":71}},"10":{"start":{"line":18,"column":6},"end":{"line":18,"column":13}},"11":{"start":{"line":22,"column":17},"end":{"line":22,"column":44}},"12":{"start":{"line":23,"column":4},"end":{"line":26,"column":5}},"13":{"start":{"line":24,"column":6},"end":{"line":24,"column":58}},"14":{"start":{"line":25,"column":6},"end":{"line":25,"column":13}},"15":{"start":{"line":29,"column":4},"end":{"line":41,"column":5}},"16":{"start":{"line":30,"column":28},"end":{"line":30,"column":60}},"17":{"start":{"line":31,"column":6},"end":{"line":34,"column":7}},"18":{"start":{"line":32,"column":8},"end":{"line":32,"column":70}},"19":{"start":{"line":33,"column":8},"end":{"line":33,"column":15}},"20":{"start":{"line":37,"column":6},"end":{"line":40,"column":7}},"21":{"start":{"line":38,"column":8},"end":{"line":38,"column":89}},"22":{"start":{"line":39,"column":8},"end":{"line":39,"column":15}},"23":{"start":{"line":44,"column":18},"end":{"line":50,"column":4}},"24":{"start":{"line":53,"column":4},"end":{"line":53,"column":23}},"25":{"start":{"line":54,"column":4},"end":{"line":54,"column":22}},"26":{"start":{"line":57,"column":4},"end":{"line":66,"column":5}},"27":{"start":{"line":58,"column":6},"end":{"line":65,"column":9}},"28":{"start":{"line":69,"column":29},"end":{"line":72,"column":6}},"29":{"start":{"line":74,"column":4},"end":{"line":74,"column":43}},"30":{"start":{"line":76,"column":4},"end":{"line":80,"column":5}},"31":{"start":{"line":77,"column":6},"end":{"line":77,"column":55}},"32":{"start":{"line":79,"column":6},"end":{"line":79,"column":69}},"33":{"start":{"line":8,"column":13},"end":{"line":8,"column":29}},"34":{"start":{"line":87,"column":33},"end":{"line":143,"column":1}},"35":{"start":{"line":88,"column":2},"end":{"line":142,"column":3}},"36":{"start":{"line":89,"column":23},"end":{"line":89,"column":33}},"37":{"start":{"line":90,"column":17},"end":{"line":90,"column":56}},"38":{"start":{"line":91,"column":18},"end":{"line":91,"column":59}},"39":{"start":{"line":92,"column":17},"end":{"line":92,"column":35}},"40":{"start":{"line":95,"column":17},"end":{"line":95,"column":44}},"41":{"start":{"line":96,"column":4},"end":{"line":99,"column":5}},"42":{"start":{"line":97,"column":6},"end":{"line":97,"column":58}},"43":{"start":{"line":98,"column":6},"end":{"line":98,"column":13}},"44":{"start":{"line":102,"column":21},"end":{"line":109,"column":8}},"45":{"start":{"line":112,"column":32},"end":{"line":125,"column":null}},"46":{"start":{"line":114,"column":24},"end":{"line":119,"column":12}},"47":{"start":{"line":121,"column":8},"end":{"line":124,"column":10}},"48":{"start":{"line":128,"column":18},"end":{"line":128,"column":78}},"49":{"start":{"line":130,"column":4},"end":{"line":135,"column":7}},"50":{"start":{"line":137,"column":4},"end":{"line":141,"column":5}},"51":{"start":{"line":138,"column":6},"end":{"line":138,"column":55}},"52":{"start":{"line":140,"column":6},"end":{"line":140,"column":69}},"53":{"start":{"line":87,"column":13},"end":{"line":87,"column":33}},"54":{"start":{"line":148,"column":29},"end":{"line":182,"column":1}},"55":{"start":{"line":149,"column":2},"end":{"line":181,"column":3}},"56":{"start":{"line":150,"column":24},"end":{"line":150,"column":32}},"57":{"start":{"line":151,"column":20},"end":{"line":151,"column":57}},"58":{"start":{"line":153,"column":4},"end":{"line":156,"column":5}},"59":{"start":{"line":154,"column":6},"end":{"line":154,"column":61}},"60":{"start":{"line":155,"column":6},"end":{"line":155,"column":13}},"61":{"start":{"line":159,"column":2},"end":{"line":162,"column":3}},"62":{"start":{"line":160,"column":4},"end":{"line":160,"column":79}},"63":{"start":{"line":161,"column":4},"end":{"line":161,"column":11}},"64":{"start":{"line":165,"column":4},"end":{"line":165,"column":30}},"65":{"start":{"line":166,"column":27},"end":{"line":166,"column":47}},"66":{"start":{"line":169,"column":29},"end":{"line":172,"column":6}},"67":{"start":{"line":174,"column":4},"end":{"line":174,"column":43}},"68":{"start":{"line":176,"column":4},"end":{"line":180,"column":5}},"69":{"start":{"line":177,"column":6},"end":{"line":177,"column":55}},"70":{"start":{"line":179,"column":6},"end":{"line":179,"column":69}},"71":{"start":{"line":148,"column":13},"end":{"line":148,"column":29}},"72":{"start":{"line":187,"column":29},"end":{"line":225,"column":1}},"73":{"start":{"line":188,"column":2},"end":{"line":224,"column":3}},"74":{"start":{"line":189,"column":20},"end":{"line":189,"column":57}},"75":{"start":{"line":191,"column":4},"end":{"line":194,"column":5}},"76":{"start":{"line":192,"column":6},"end":{"line":192,"column":61}},"77":{"start":{"line":193,"column":6},"end":{"line":193,"column":13}},"78":{"start":{"line":197,"column":2},"end":{"line":200,"column":3}},"79":{"start":{"line":198,"column":4},"end":{"line":198,"column":79}},"80":{"start":{"line":199,"column":4},"end":{"line":199,"column":11}},"81":{"start":{"line":203,"column":17},"end":{"line":203,"column":50}},"82":{"start":{"line":206,"column":28},"end":{"line":208,"column":6}},"83":{"start":{"line":211,"column":4},"end":{"line":215,"column":5}},"84":{"start":{"line":212,"column":6},"end":{"line":212,"column":52}},"85":{"start":{"line":213,"column":6},"end":{"line":213,"column":47}},"86":{"start":{"line":213,"column":29},"end":{"line":213,"column":47}},"87":{"start":{"line":214,"column":6},"end":{"line":214,"column":24}},"88":{"start":{"line":217,"column":4},"end":{"line":217,"column":57}},"89":{"start":{"line":219,"column":4},"end":{"line":223,"column":5}},"90":{"start":{"line":220,"column":6},"end":{"line":220,"column":55}},"91":{"start":{"line":222,"column":6},"end":{"line":222,"column":69}},"92":{"start":{"line":187,"column":13},"end":{"line":187,"column":29}},"93":{"start":{"line":230,"column":33},"end":{"line":279,"column":1}},"94":{"start":{"line":231,"column":2},"end":{"line":278,"column":3}},"95":{"start":{"line":232,"column":22},"end":{"line":232,"column":35}},"96":{"start":{"line":233,"column":17},"end":{"line":233,"column":41}},"97":{"start":{"line":236,"column":20},"end":{"line":236,"column":53}},"98":{"start":{"line":237,"column":4},"end":{"line":240,"column":5}},"99":{"start":{"line":238,"column":6},"end":{"line":238,"column":61}},"100":{"start":{"line":239,"column":6},"end":{"line":239,"column":13}},"101":{"start":{"line":243,"column":25},"end":{"line":246,"column":6}},"102":{"start":{"line":248,"column":4},"end":{"line":271,"column":5}},"103":{"start":{"line":250,"column":6},"end":{"line":250,"column":72}},"104":{"start":{"line":253,"column":6},"end":{"line":253,"column":25}},"105":{"start":{"line":254,"column":6},"end":{"line":254,"column":47}},"106":{"start":{"line":254,"column":29},"end":{"line":254,"column":47}},"107":{"start":{"line":255,"column":6},"end":{"line":255,"column":27}},"108":{"start":{"line":257,"column":6},"end":{"line":257,"column":67}},"109":{"start":{"line":260,"column":6},"end":{"line":264,"column":9}},"110":{"start":{"line":267,"column":6},"end":{"line":267,"column":25}},"111":{"start":{"line":268,"column":6},"end":{"line":268,"column":27}},"112":{"start":{"line":270,"column":6},"end":{"line":270,"column":66}},"113":{"start":{"line":273,"column":4},"end":{"line":277,"column":5}},"114":{"start":{"line":274,"column":6},"end":{"line":274,"column":55}},"115":{"start":{"line":276,"column":6},"end":{"line":276,"column":69}},"116":{"start":{"line":230,"column":13},"end":{"line":230,"column":33}},"117":{"start":{"line":284,"column":33},"end":{"line":323,"column":1}},"118":{"start":{"line":285,"column":2},"end":{"line":322,"column":3}},"119":{"start":{"line":286,"column":19},"end":{"line":286,"column":29}},"120":{"start":{"line":287,"column":17},"end":{"line":287,"column":56}},"121":{"start":{"line":288,"column":18},"end":{"line":288,"column":59}},"122":{"start":{"line":289,"column":17},"end":{"line":289,"column":35}},"123":{"start":{"line":292,"column":20},"end":{"line":292,"column":46}},"124":{"start":{"line":293,"column":4},"end":{"line":296,"column":5}},"125":{"start":{"line":294,"column":6},"end":{"line":294,"column":61}},"126":{"start":{"line":295,"column":6},"end":{"line":295,"column":13}},"127":{"start":{"line":299,"column":20},"end":{"line":306,"column":8}},"128":{"start":{"line":308,"column":18},"end":{"line":308,"column":62}},"129":{"start":{"line":310,"column":4},"end":{"line":315,"column":7}},"130":{"start":{"line":317,"column":4},"end":{"line":321,"column":5}},"131":{"start":{"line":318,"column":6},"end":{"line":318,"column":55}},"132":{"start":{"line":320,"column":6},"end":{"line":320,"column":69}},"133":{"start":{"line":284,"column":13},"end":{"line":284,"column":33}}},"fnMap":{"0":{"name":"(anonymous_1)","decl":{"start":{"line":8,"column":29},"end":{"line":8,"column":34}},"loc":{"start":{"line":8,"column":67},"end":{"line":82,"column":1}}},"1":{"name":"(anonymous_2)","decl":{"start":{"line":87,"column":33},"end":{"line":87,"column":38}},"loc":{"start":{"line":87,"column":71},"end":{"line":143,"column":1}}},"2":{"name":"(anonymous_3)","decl":{"start":{"line":113,"column":19},"end":{"line":113,"column":24}},"loc":{"start":{"line":113,"column":37},"end":{"line":125,"column":7}}},"3":{"name":"(anonymous_4)","decl":{"start":{"line":148,"column":29},"end":{"line":148,"column":34}},"loc":{"start":{"line":148,"column":67},"end":{"line":182,"column":1}}},"4":{"name":"(anonymous_5)","decl":{"start":{"line":187,"column":29},"end":{"line":187,"column":34}},"loc":{"start":{"line":187,"column":67},"end":{"line":225,"column":1}}},"5":{"name":"(anonymous_6)","decl":{"start":{"line":230,"column":33},"end":{"line":230,"column":38}},"loc":{"start":{"line":230,"column":71},"end":{"line":279,"column":1}}},"6":{"name":"(anonymous_7)","decl":{"start":{"line":284,"column":33},"end":{"line":284,"column":38}},"loc":{"start":{"line":284,"column":71},"end":{"line":323,"column":1}}}},"branchMap":{"0":{"loc":{"start":{"line":12,"column":21},"end":{"line":12,"column":46}},"type":"binary-expr","locations":[{"start":{"line":12,"column":21},"end":{"line":12,"column":38}},{"start":{"line":12,"column":42},"end":{"line":12,"column":46}}]},"1":{"loc":{"start":{"line":16,"column":4},"end":{"line":19,"column":5}},"type":"if","locations":[{"start":{"line":16,"column":4},"end":{"line":19,"column":5}}]},"2":{"loc":{"start":{"line":23,"column":4},"end":{"line":26,"column":5}},"type":"if","locations":[{"start":{"line":23,"column":4},"end":{"line":26,"column":5}}]},"3":{"loc":{"start":{"line":29,"column":4},"end":{"line":41,"column":5}},"type":"if","locations":[{"start":{"line":29,"column":4},"end":{"line":41,"column":5}}]},"4":{"loc":{"start":{"line":31,"column":6},"end":{"line":34,"column":7}},"type":"if","locations":[{"start":{"line":31,"column":6},"end":{"line":34,"column":7}}]},"5":{"loc":{"start":{"line":37,"column":6},"end":{"line":40,"column":7}},"type":"if","locations":[{"start":{"line":37,"column":6},"end":{"line":40,"column":7}}]},"6":{"loc":{"start":{"line":57,"column":4},"end":{"line":66,"column":5}},"type":"if","locations":[{"start":{"line":57,"column":4},"end":{"line":66,"column":5}}]},"7":{"loc":{"start":{"line":76,"column":4},"end":{"line":80,"column":5}},"type":"if","locations":[{"start":{"line":76,"column":4},"end":{"line":80,"column":5}},{"start":{"line":78,"column":11},"end":{"line":80,"column":5}}]},"8":{"loc":{"start":{"line":90,"column":17},"end":{"line":90,"column":56}},"type":"binary-expr","locations":[{"start":{"line":90,"column":17},"end":{"line":90,"column":51}},{"start":{"line":90,"column":55},"end":{"line":90,"column":56}}]},"9":{"loc":{"start":{"line":91,"column":18},"end":{"line":91,"column":59}},"type":"binary-expr","locations":[{"start":{"line":91,"column":18},"end":{"line":91,"column":53}},{"start":{"line":91,"column":57},"end":{"line":91,"column":59}}]},"10":{"loc":{"start":{"line":96,"column":4},"end":{"line":99,"column":5}},"type":"if","locations":[{"start":{"line":96,"column":4},"end":{"line":99,"column":5}}]},"11":{"loc":{"start":{"line":137,"column":4},"end":{"line":141,"column":5}},"type":"if","locations":[{"start":{"line":137,"column":4},"end":{"line":141,"column":5}},{"start":{"line":139,"column":11},"end":{"line":141,"column":5}}]},"12":{"loc":{"start":{"line":153,"column":4},"end":{"line":156,"column":5}},"type":"if","locations":[{"start":{"line":153,"column":4},"end":{"line":156,"column":5}}]},"13":{"loc":{"start":{"line":159,"column":2},"end":{"line":162,"column":3}},"type":"if","locations":[{"start":{"line":159,"column":2},"end":{"line":162,"column":3}}]},"14":{"loc":{"start":{"line":159,"column":6},"end":{"line":159,"column":60}},"type":"binary-expr","locations":[{"start":{"line":159,"column":6},"end":{"line":159,"column":14}},{"start":{"line":159,"column":18},"end":{"line":159,"column":60}}]},"15":{"loc":{"start":{"line":176,"column":4},"end":{"line":180,"column":5}},"type":"if","locations":[{"start":{"line":176,"column":4},"end":{"line":180,"column":5}},{"start":{"line":178,"column":11},"end":{"line":180,"column":5}}]},"16":{"loc":{"start":{"line":191,"column":4},"end":{"line":194,"column":5}},"type":"if","locations":[{"start":{"line":191,"column":4},"end":{"line":194,"column":5}}]},"17":{"loc":{"start":{"line":197,"column":2},"end":{"line":200,"column":3}},"type":"if","locations":[{"start":{"line":197,"column":2},"end":{"line":200,"column":3}}]},"18":{"loc":{"start":{"line":197,"column":6},"end":{"line":197,"column":81}},"type":"binary-expr","locations":[{"start":{"line":197,"column":6},"end":{"line":197,"column":14}},{"start":{"line":197,"column":18},"end":{"line":197,"column":60}},{"start":{"line":197,"column":64},"end":{"line":197,"column":81}}]},"19":{"loc":{"start":{"line":211,"column":4},"end":{"line":215,"column":5}},"type":"if","locations":[{"start":{"line":211,"column":4},"end":{"line":215,"column":5}}]},"20":{"loc":{"start":{"line":213,"column":6},"end":{"line":213,"column":47}},"type":"if","locations":[{"start":{"line":213,"column":6},"end":{"line":213,"column":47}}]},"21":{"loc":{"start":{"line":219,"column":4},"end":{"line":223,"column":5}},"type":"if","locations":[{"start":{"line":219,"column":4},"end":{"line":223,"column":5}},{"start":{"line":221,"column":11},"end":{"line":223,"column":5}}]},"22":{"loc":{"start":{"line":237,"column":4},"end":{"line":240,"column":5}},"type":"if","locations":[{"start":{"line":237,"column":4},"end":{"line":240,"column":5}}]},"23":{"loc":{"start":{"line":248,"column":4},"end":{"line":271,"column":5}},"type":"if","locations":[{"start":{"line":248,"column":4},"end":{"line":271,"column":5}},{"start":{"line":258,"column":11},"end":{"line":271,"column":5}}]},"24":{"loc":{"start":{"line":254,"column":6},"end":{"line":254,"column":47}},"type":"if","locations":[{"start":{"line":254,"column":6},"end":{"line":254,"column":47}}]},"25":{"loc":{"start":{"line":273,"column":4},"end":{"line":277,"column":5}},"type":"if","locations":[{"start":{"line":273,"column":4},"end":{"line":277,"column":5}},{"start":{"line":275,"column":11},"end":{"line":277,"column":5}}]},"26":{"loc":{"start":{"line":287,"column":17},"end":{"line":287,"column":56}},"type":"binary-expr","locations":[{"start":{"line":287,"column":17},"end":{"line":287,"column":51}},{"start":{"line":287,"column":55},"end":{"line":287,"column":56}}]},"27":{"loc":{"start":{"line":288,"column":18},"end":{"line":288,"column":59}},"type":"binary-expr","locations":[{"start":{"line":288,"column":18},"end":{"line":288,"column":53}},{"start":{"line":288,"column":57},"end":{"line":288,"column":59}}]},"28":{"loc":{"start":{"line":293,"column":4},"end":{"line":296,"column":5}},"type":"if","locations":[{"start":{"line":293,"column":4},"end":{"line":296,"column":5}}]},"29":{"loc":{"start":{"line":317,"column":4},"end":{"line":321,"column":5}},"type":"if","locations":[{"start":{"line":317,"column":4},"end":{"line":321,"column":5}},{"start":{"line":319,"column":11},"end":{"line":321,"column":5}}]}},"s":{"0":0,"1":0,"2":0,"3":0,"4":0,"5":0,"6":0,"7":0,"8":0,"9":0,"10":0,"11":0,"12":0,"13":0,"14":0,"15":0,"16":0,"17":0,"18":0,"19":0,"20":0,"21":0,"22":0,"23":0,"24":0,"25":0,"26":0,"27":0,"28":0,"29":0,"30":0,"31":0,"32":0,"33":0,"34":0,"35":0,"36":0,"37":0,"38":0,"39":0,"40":0,"41":0,"42":0,"43":0,"44":0,"45":0,"46":0,"47":0,"48":0,"49":0,"50":0,"51":0,"52":0,"53":0,"54":0,"55":0,"56":0,"57":0,"58":0,"59":0,"60":0,"61":0,"62":0,"63":0,"64":0,"65":0,"66":0,"67":0,"68":0,"69":0,"70":0,"71":0,"72":0,"73":0,"74":0,"75":0,"76":0,"77":0,"78":0,"79":0,"80":0,"81":0,"82":0,"83":0,"84":0,"85":0,"86":0,"87":0,"88":0,"89":0,"90":0,"91":0,"92":0,"93":0,"94":0,"95":0,"96":0,"97":0,"98":0,"99":0,"100":0,"101":0,"102":0,"103":0,"104":0,"105":0,"106":0,"107":0,"108":0,"109":0,"110":0,"111":0,"112":0,"113":0,"114":0,"115":0,"116":0,"117":0,"118":0,"119":0,"120":0,"121":0,"122":0,"123":0,"124":0,"125":0,"126":0,"127":0,"128":0,"129":0,"130":0,"131":0,"132":0,"133":0},"f":{"0":0,"1":0,"2":0,"3":0,"4":0,"5":0,"6":0},"b":{"0":[0,0],"1":[0],"2":[0],"3":[0],"4":[0],"5":[0],"6":[0],"7":[0,0],"8":[0,0],"9":[0,0],"10":[0],"11":[0,0],"12":[0],"13":[0],"14":[0,0],"15":[0,0],"16":[0],"17":[0],"18":[0,0,0],"19":[0],"20":[0],"21":[0,0],"22":[0],"23":[0,0],"24":[0],"25":[0,0],"26":[0,0],"27":[0,0],"28":[0],"29":[0,0]}}
,"C:\\Users\\Tsoogii\\Desktop\\sandbox\\Mercury\\Mercury\\Backend\\src\\controllers\\notificationController.ts": {"path":"C:\\Users\\Tsoogii\\Desktop\\sandbox\\Mercury\\Mercury\\Backend\\src\\controllers\\notificationController.ts","statementMap":{"0":{"start":{"line":2,"column":0},"end":{"line":2,"column":41}},"1":{"start":{"line":7,"column":32},"end":{"line":46,"column":1}},"2":{"start":{"line":8,"column":2},"end":{"line":45,"column":3}},"3":{"start":{"line":9,"column":17},"end":{"line":9,"column":56}},"4":{"start":{"line":10,"column":18},"end":{"line":10,"column":59}},"5":{"start":{"line":11,"column":17},"end":{"line":11,"column":35}},"6":{"start":{"line":13,"column":26},"end":{"line":24,"column":8}},"7":{"start":{"line":26,"column":18},"end":{"line":26,"column":81}},"8":{"start":{"line":27,"column":24},"end":{"line":30,"column":6}},"9":{"start":{"line":32,"column":4},"end":{"line":38,"column":7}},"10":{"start":{"line":40,"column":4},"end":{"line":44,"column":5}},"11":{"start":{"line":41,"column":6},"end":{"line":41,"column":55}},"12":{"start":{"line":43,"column":6},"end":{"line":43,"column":69}},"13":{"start":{"line":7,"column":13},"end":{"line":7,"column":32}},"14":{"start":{"line":51,"column":38},"end":{"line":77,"column":1}},"15":{"start":{"line":52,"column":2},"end":{"line":76,"column":3}},"16":{"start":{"line":53,"column":25},"end":{"line":53,"column":67}},"17":{"start":{"line":55,"column":4},"end":{"line":58,"column":5}},"18":{"start":{"line":56,"column":6},"end":{"line":56,"column":66}},"19":{"start":{"line":57,"column":6},"end":{"line":57,"column":13}},"20":{"start":{"line":61,"column":4},"end":{"line":64,"column":5}},"21":{"start":{"line":62,"column":6},"end":{"line":62,"column":86}},"22":{"start":{"line":63,"column":6},"end":{"line":63,"column":13}},"23":{"start":{"line":66,"column":4},"end":{"line":66,"column":29}},"24":{"start":{"line":67,"column":4},"end":{"line":67,"column":30}},"25":{"start":{"line":69,"column":4},"end":{"line":69,"column":69}},"26":{"start":{"line":71,"column":4},"end":{"line":75,"column":5}},"27":{"start":{"line":72,"column":6},"end":{"line":72,"column":55}},"28":{"start":{"line":74,"column":6},"end":{"line":74,"column":69}},"29":{"start":{"line":51,"column":13},"end":{"line":51,"column":38}},"30":{"start":{"line":82,"column":42},"end":{"line":97,"column":1}},"31":{"start":{"line":83,"column":2},"end":{"line":96,"column":3}},"32":{"start":{"line":84,"column":4},"end":{"line":87,"column":6}},"33":{"start":{"line":89,"column":4},"end":{"line":89,"column":74}},"34":{"start":{"line":91,"column":4},"end":{"line":95,"column":5}},"35":{"start":{"line":92,"column":6},"end":{"line":92,"column":55}},"36":{"start":{"line":94,"column":6},"end":{"line":94,"column":69}},"37":{"start":{"line":82,"column":13},"end":{"line":82,"column":42}},"38":{"start":{"line":102,"column":34},"end":{"line":127,"column":1}},"39":{"start":{"line":103,"column":2},"end":{"line":126,"column":3}},"40":{"start":{"line":104,"column":25},"end":{"line":104,"column":67}},"41":{"start":{"line":106,"column":4},"end":{"line":109,"column":5}},"42":{"start":{"line":107,"column":6},"end":{"line":107,"column":66}},"43":{"start":{"line":108,"column":6},"end":{"line":108,"column":13}},"44":{"start":{"line":112,"column":4},"end":{"line":115,"column":5}},"45":{"start":{"line":113,"column":6},"end":{"line":113,"column":86}},"46":{"start":{"line":114,"column":6},"end":{"line":114,"column":13}},"47":{"start":{"line":117,"column":4},"end":{"line":117,"column":60}},"48":{"start":{"line":119,"column":4},"end":{"line":119,"column":62}},"49":{"start":{"line":121,"column":4},"end":{"line":125,"column":5}},"50":{"start":{"line":122,"column":6},"end":{"line":122,"column":55}},"51":{"start":{"line":124,"column":6},"end":{"line":124,"column":69}},"52":{"start":{"line":102,"column":13},"end":{"line":102,"column":34}},"53":{"start":{"line":132,"column":30},"end":{"line":147,"column":1}},"54":{"start":{"line":133,"column":2},"end":{"line":146,"column":3}},"55":{"start":{"line":134,"column":24},"end":{"line":137,"column":6}},"56":{"start":{"line":139,"column":4},"end":{"line":139,"column":42}},"57":{"start":{"line":141,"column":4},"end":{"line":145,"column":5}},"58":{"start":{"line":142,"column":6},"end":{"line":142,"column":55}},"59":{"start":{"line":144,"column":6},"end":{"line":144,"column":69}},"60":{"start":{"line":132,"column":13},"end":{"line":132,"column":30}}},"fnMap":{"0":{"name":"(anonymous_0)","decl":{"start":{"line":7,"column":32},"end":{"line":7,"column":37}},"loc":{"start":{"line":7,"column":70},"end":{"line":46,"column":1}}},"1":{"name":"(anonymous_1)","decl":{"start":{"line":51,"column":38},"end":{"line":51,"column":43}},"loc":{"start":{"line":51,"column":76},"end":{"line":77,"column":1}}},"2":{"name":"(anonymous_2)","decl":{"start":{"line":82,"column":42},"end":{"line":82,"column":47}},"loc":{"start":{"line":82,"column":80},"end":{"line":97,"column":1}}},"3":{"name":"(anonymous_3)","decl":{"start":{"line":102,"column":34},"end":{"line":102,"column":39}},"loc":{"start":{"line":102,"column":72},"end":{"line":127,"column":1}}},"4":{"name":"(anonymous_4)","decl":{"start":{"line":132,"column":30},"end":{"line":132,"column":35}},"loc":{"start":{"line":132,"column":68},"end":{"line":147,"column":1}}}},"branchMap":{"0":{"loc":{"start":{"line":9,"column":17},"end":{"line":9,"column":56}},"type":"binary-expr","locations":[{"start":{"line":9,"column":17},"end":{"line":9,"column":51}},{"start":{"line":9,"column":55},"end":{"line":9,"column":56}}]},"1":{"loc":{"start":{"line":10,"column":18},"end":{"line":10,"column":59}},"type":"binary-expr","locations":[{"start":{"line":10,"column":18},"end":{"line":10,"column":53}},{"start":{"line":10,"column":57},"end":{"line":10,"column":59}}]},"2":{"loc":{"start":{"line":40,"column":4},"end":{"line":44,"column":5}},"type":"if","locations":[{"start":{"line":40,"column":4},"end":{"line":44,"column":5}},{"start":{"line":42,"column":11},"end":{"line":44,"column":5}}]},"3":{"loc":{"start":{"line":55,"column":4},"end":{"line":58,"column":5}},"type":"if","locations":[{"start":{"line":55,"column":4},"end":{"line":58,"column":5}}]},"4":{"loc":{"start":{"line":61,"column":4},"end":{"line":64,"column":5}},"type":"if","locations":[{"start":{"line":61,"column":4},"end":{"line":64,"column":5}}]},"5":{"loc":{"start":{"line":71,"column":4},"end":{"line":75,"column":5}},"type":"if","locations":[{"start":{"line":71,"column":4},"end":{"line":75,"column":5}},{"start":{"line":73,"column":11},"end":{"line":75,"column":5}}]},"6":{"loc":{"start":{"line":91,"column":4},"end":{"line":95,"column":5}},"type":"if","locations":[{"start":{"line":91,"column":4},"end":{"line":95,"column":5}},{"start":{"line":93,"column":11},"end":{"line":95,"column":5}}]},"7":{"loc":{"start":{"line":106,"column":4},"end":{"line":109,"column":5}},"type":"if","locations":[{"start":{"line":106,"column":4},"end":{"line":109,"column":5}}]},"8":{"loc":{"start":{"line":112,"column":4},"end":{"line":115,"column":5}},"type":"if","locations":[{"start":{"line":112,"column":4},"end":{"line":115,"column":5}}]},"9":{"loc":{"start":{"line":121,"column":4},"end":{"line":125,"column":5}},"type":"if","locations":[{"start":{"line":121,"column":4},"end":{"line":125,"column":5}},{"start":{"line":123,"column":11},"end":{"line":125,"column":5}}]},"10":{"loc":{"start":{"line":141,"column":4},"end":{"line":145,"column":5}},"type":"if","locations":[{"start":{"line":141,"column":4},"end":{"line":145,"column":5}},{"start":{"line":143,"column":11},"end":{"line":145,"column":5}}]}},"s":{"0":0,"1":0,"2":0,"3":0,"4":0,"5":0,"6":0,"7":0,"8":0,"9":0,"10":0,"11":0,"12":0,"13":0,"14":0,"15":0,"16":0,"17":0,"18":0,"19":0,"20":0,"21":0,"22":0,"23":0,"24":0,"25":0,"26":0,"27":0,"28":0,"29":0,"30":0,"31":0,"32":0,"33":0,"34":0,"35":0,"36":0,"37":0,"38":0,"39":0,"40":0,"41":0,"42":0,"43":0,"44":0,"45":0,"46":0,"47":0,"48":0,"49":0,"50":0,"51":0,"52":0,"53":0,"54":0,"55":0,"56":0,"57":0,"58":0,"59":0,"60":0},"f":{"0":0,"1":0,"2":0,"3":0,"4":0},"b":{"0":[0,0],"1":[0,0],"2":[0,0],"3":[0],"4":[0],"5":[0,0],"6":[0,0],"7":[0],"8":[0],"9":[0,0],"10":[0,0]}}
,"C:\\Users\\Tsoogii\\Desktop\\sandbox\\Mercury\\Mercury\\Backend\\src\\controllers\\postController.ts": {"path":"C:\\Users\\Tsoogii\\Desktop\\sandbox\\Mercury\\Mercury\\Backend\\src\\controllers\\postController.ts","statementMap":{"0":{"start":{"line":2,"column":0},"end":{"line":2,"column":78}},"1":{"start":{"line":3,"column":0},"end":{"line":3,"column":32}},"2":{"start":{"line":8,"column":26},"end":{"line":72,"column":1}},"3":{"start":{"line":9,"column":2},"end":{"line":71,"column":3}},"4":{"start":{"line":10,"column":54},"end":{"line":10,"column":62}},"5":{"start":{"line":11,"column":17},"end":{"line":11,"column":25}},"6":{"start":{"line":14,"column":4},"end":{"line":17,"column":5}},"7":{"start":{"line":15,"column":6},"end":{"line":15,"column":66}},"8":{"start":{"line":16,"column":6},"end":{"line":16,"column":13}},"9":{"start":{"line":19,"column":4},"end":{"line":22,"column":5}},"10":{"start":{"line":20,"column":6},"end":{"line":20,"column":72}},"11":{"start":{"line":21,"column":6},"end":{"line":21,"column":13}},"12":{"start":{"line":25,"column":4},"end":{"line":28,"column":5}},"13":{"start":{"line":26,"column":6},"end":{"line":26,"column":86}},"14":{"start":{"line":27,"column":6},"end":{"line":27,"column":13}},"15":{"start":{"line":31,"column":4},"end":{"line":34,"column":5}},"16":{"start":{"line":32,"column":6},"end":{"line":32,"column":76}},"17":{"start":{"line":33,"column":6},"end":{"line":33,"column":13}},"18":{"start":{"line":38,"column":22},"end":{"line":43,"column":9}},"19":{"start":{"line":39,"column":6},"end":{"line":41,"column":7}},"20":{"start":{"line":40,"column":8},"end":{"line":40,"column":57}},"21":{"start":{"line":42,"column":6},"end":{"line":42,"column":19}},"22":{"start":{"line":44,"column":24},"end":{"line":44,"column":50}},"23":{"start":{"line":47,"column":17},"end":{"line":56,"column":6}},"24":{"start":{"line":59,"column":26},"end":{"line":62,"column":6}},"25":{"start":{"line":64,"column":4},"end":{"line":64,"column":40}},"26":{"start":{"line":66,"column":4},"end":{"line":70,"column":5}},"27":{"start":{"line":67,"column":6},"end":{"line":67,"column":55}},"28":{"start":{"line":69,"column":6},"end":{"line":69,"column":69}},"29":{"start":{"line":8,"column":13},"end":{"line":8,"column":26}},"30":{"start":{"line":77,"column":24},"end":{"line":107,"column":1}},"31":{"start":{"line":78,"column":2},"end":{"line":106,"column":3}},"32":{"start":{"line":79,"column":17},"end":{"line":79,"column":56}},"33":{"start":{"line":80,"column":18},"end":{"line":80,"column":59}},"34":{"start":{"line":81,"column":17},"end":{"line":81,"column":35}},"35":{"start":{"line":83,"column":18},"end":{"line":90,"column":8}},"36":{"start":{"line":92,"column":18},"end":{"line":92,"column":45}},"37":{"start":{"line":94,"column":4},"end":{"line":99,"column":7}},"38":{"start":{"line":101,"column":4},"end":{"line":105,"column":5}},"39":{"start":{"line":102,"column":6},"end":{"line":102,"column":55}},"40":{"start":{"line":104,"column":6},"end":{"line":104,"column":69}},"41":{"start":{"line":77,"column":13},"end":{"line":77,"column":24}},"42":{"start":{"line":112,"column":32},"end":{"line":143,"column":1}},"43":{"start":{"line":113,"column":2},"end":{"line":142,"column":3}},"44":{"start":{"line":114,"column":17},"end":{"line":114,"column":56}},"45":{"start":{"line":115,"column":18},"end":{"line":115,"column":59}},"46":{"start":{"line":116,"column":17},"end":{"line":116,"column":35}},"47":{"start":{"line":119,"column":18},"end":{"line":126,"column":8}},"48":{"start":{"line":128,"column":18},"end":{"line":128,"column":45}},"49":{"start":{"line":130,"column":4},"end":{"line":135,"column":7}},"50":{"start":{"line":137,"column":4},"end":{"line":141,"column":5}},"51":{"start":{"line":138,"column":6},"end":{"line":138,"column":55}},"52":{"start":{"line":140,"column":6},"end":{"line":140,"column":69}},"53":{"start":{"line":112,"column":13},"end":{"line":112,"column":32}},"54":{"start":{"line":148,"column":33},"end":{"line":189,"column":1}},"55":{"start":{"line":149,"column":2},"end":{"line":188,"column":3}},"56":{"start":{"line":150,"column":17},"end":{"line":150,"column":56}},"57":{"start":{"line":151,"column":18},"end":{"line":151,"column":59}},"58":{"start":{"line":152,"column":17},"end":{"line":152,"column":35}},"59":{"start":{"line":153,"column":17},"end":{"line":153,"column":25}},"60":{"start":{"line":155,"column":4},"end":{"line":158,"column":5}},"61":{"start":{"line":156,"column":6},"end":{"line":156,"column":66}},"62":{"start":{"line":157,"column":6},"end":{"line":157,"column":13}},"63":{"start":{"line":161,"column":22},"end":{"line":161,"column":101}},"64":{"start":{"line":162,"column":25},"end":{"line":162,"column":66}},"65":{"start":{"line":162,"column":49},"end":{"line":162,"column":65}},"66":{"start":{"line":165,"column":18},"end":{"line":172,"column":8}},"67":{"start":{"line":174,"column":18},"end":{"line":174,"column":78}},"68":{"start":{"line":176,"column":4},"end":{"line":181,"column":7}},"69":{"start":{"line":183,"column":4},"end":{"line":187,"column":5}},"70":{"start":{"line":184,"column":6},"end":{"line":184,"column":55}},"71":{"start":{"line":186,"column":6},"end":{"line":186,"column":69}},"72":{"start":{"line":148,"column":13},"end":{"line":148,"column":33}},"73":{"start":{"line":194,"column":27},"end":{"line":246,"column":1}},"74":{"start":{"line":195,"column":2},"end":{"line":245,"column":3}},"75":{"start":{"line":196,"column":17},"end":{"line":199,"column":6}},"76":{"start":{"line":201,"column":4},"end":{"line":204,"column":5}},"77":{"start":{"line":202,"column":6},"end":{"line":202,"column":58}},"78":{"start":{"line":203,"column":6},"end":{"line":203,"column":13}},"79":{"start":{"line":207,"column":21},"end":{"line":212,"column":8}},"80":{"start":{"line":215,"column":18},"end":{"line":215,"column":23}},"81":{"start":{"line":216,"column":23},"end":{"line":216,"column":28}},"82":{"start":{"line":218,"column":4},"end":{"line":231,"column":5}},"83":{"start":{"line":219,"column":19},"end":{"line":222,"column":8}},"84":{"start":{"line":224,"column":23},"end":{"line":227,"column":8}},"85":{"start":{"line":229,"column":6},"end":{"line":229,"column":23}},"86":{"start":{"line":230,"column":6},"end":{"line":230,"column":32}},"87":{"start":{"line":233,"column":4},"end":{"line":238,"column":7}},"88":{"start":{"line":240,"column":4},"end":{"line":244,"column":5}},"89":{"start":{"line":241,"column":6},"end":{"line":241,"column":55}},"90":{"start":{"line":243,"column":6},"end":{"line":243,"column":69}},"91":{"start":{"line":194,"column":13},"end":{"line":194,"column":27}},"92":{"start":{"line":251,"column":26},"end":{"line":294,"column":1}},"93":{"start":{"line":252,"column":2},"end":{"line":293,"column":3}},"94":{"start":{"line":253,"column":48},"end":{"line":253,"column":56}},"95":{"start":{"line":254,"column":17},"end":{"line":254,"column":51}},"96":{"start":{"line":256,"column":4},"end":{"line":259,"column":5}},"97":{"start":{"line":257,"column":6},"end":{"line":257,"column":58}},"98":{"start":{"line":258,"column":6},"end":{"line":258,"column":13}},"99":{"start":{"line":262,"column":4},"end":{"line":265,"column":5}},"100":{"start":{"line":263,"column":6},"end":{"line":263,"column":78}},"101":{"start":{"line":264,"column":6},"end":{"line":264,"column":13}},"102":{"start":{"line":268,"column":4},"end":{"line":268,"column":48}},"103":{"start":{"line":268,"column":29},"end":{"line":268,"column":48}},"104":{"start":{"line":269,"column":4},"end":{"line":269,"column":51}},"105":{"start":{"line":269,"column":30},"end":{"line":269,"column":51}},"106":{"start":{"line":270,"column":4},"end":{"line":270,"column":45}},"107":{"start":{"line":270,"column":28},"end":{"line":270,"column":45}},"108":{"start":{"line":271,"column":4},"end":{"line":271,"column":63}},"109":{"start":{"line":271,"column":34},"end":{"line":271,"column":63}},"110":{"start":{"line":274,"column":4},"end":{"line":282,"column":5}},"111":{"start":{"line":275,"column":24},"end":{"line":280,"column":11}},"112":{"start":{"line":276,"column":8},"end":{"line":278,"column":9}},"113":{"start":{"line":277,"column":10},"end":{"line":277,"column":59}},"114":{"start":{"line":279,"column":8},"end":{"line":279,"column":21}},"115":{"start":{"line":281,"column":6},"end":{"line":281,"column":52}},"116":{"start":{"line":284,"column":24},"end":{"line":284,"column":41}},"117":{"start":{"line":286,"column":4},"end":{"line":286,"column":38}},"118":{"start":{"line":288,"column":4},"end":{"line":292,"column":5}},"119":{"start":{"line":289,"column":6},"end":{"line":289,"column":55}},"120":{"start":{"line":291,"column":6},"end":{"line":291,"column":69}},"121":{"start":{"line":251,"column":13},"end":{"line":251,"column":26}},"122":{"start":{"line":299,"column":26},"end":{"line":330,"column":1}},"123":{"start":{"line":300,"column":2},"end":{"line":329,"column":3}},"124":{"start":{"line":301,"column":17},"end":{"line":301,"column":51}},"125":{"start":{"line":303,"column":4},"end":{"line":306,"column":5}},"126":{"start":{"line":304,"column":6},"end":{"line":304,"column":58}},"127":{"start":{"line":305,"column":6},"end":{"line":305,"column":13}},"128":{"start":{"line":309,"column":4},"end":{"line":312,"column":5}},"129":{"start":{"line":310,"column":6},"end":{"line":310,"column":78}},"130":{"start":{"line":311,"column":6},"end":{"line":311,"column":13}},"131":{"start":{"line":315,"column":4},"end":{"line":320,"column":7}},"132":{"start":{"line":322,"column":4},"end":{"line":322,"column":54}},"133":{"start":{"line":324,"column":4},"end":{"line":328,"column":5}},"134":{"start":{"line":325,"column":6},"end":{"line":325,"column":55}},"135":{"start":{"line":327,"column":6},"end":{"line":327,"column":69}},"136":{"start":{"line":299,"column":13},"end":{"line":299,"column":26}},"137":{"start":{"line":335,"column":26},"end":{"line":420,"column":1}},"138":{"start":{"line":336,"column":2},"end":{"line":419,"column":3}},"139":{"start":{"line":337,"column":19},"end":{"line":337,"column":32}},"140":{"start":{"line":339,"column":4},"end":{"line":342,"column":5}},"141":{"start":{"line":340,"column":6},"end":{"line":340,"column":66}},"142":{"start":{"line":341,"column":6},"end":{"line":341,"column":13}},"143":{"start":{"line":344,"column":19},"end":{"line":344,"column":31}},"144":{"start":{"line":347,"column":17},"end":{"line":347,"column":44}},"145":{"start":{"line":348,"column":4},"end":{"line":351,"column":5}},"146":{"start":{"line":349,"column":6},"end":{"line":349,"column":58}},"147":{"start":{"line":350,"column":6},"end":{"line":350,"column":13}},"148":{"start":{"line":354,"column":19},"end":{"line":357,"column":6}},"149":{"start":{"line":359,"column":4},"end":{"line":372,"column":5}},"150":{"start":{"line":361,"column":26},"end":{"line":364,"column":null}},"151":{"start":{"line":367,"column":6},"end":{"line":370,"column":9}},"152":{"start":{"line":371,"column":6},"end":{"line":371,"column":13}},"153":{"start":{"line":374,"column":4},"end":{"line":411,"column":5}},"154":{"start":{"line":376,"column":6},"end":{"line":376,"column":56}},"155":{"start":{"line":377,"column":26},"end":{"line":380,"column":null}},"156":{"start":{"line":384,"column":6},"end":{"line":392,"column":7}},"157":{"start":{"line":385,"column":8},"end":{"line":391,"column":11}},"158":{"start":{"line":394,"column":6},"end":{"line":397,"column":9}},"159":{"start":{"line":398,"column":6},"end":{"line":398,"column":13}},"160":{"start":{"line":401,"column":6},"end":{"line":409,"column":7}},"161":{"start":{"line":403,"column":28},"end":{"line":403,"column":55}},"162":{"start":{"line":404,"column":8},"end":{"line":407,"column":11}},"163":{"start":{"line":408,"column":8},"end":{"line":408,"column":15}},"164":{"start":{"line":410,"column":6},"end":{"line":410,"column":18}},"165":{"start":{"line":413,"column":4},"end":{"line":413,"column":49}},"166":{"start":{"line":414,"column":4},"end":{"line":418,"column":5}},"167":{"start":{"line":415,"column":6},"end":{"line":415,"column":55}},"168":{"start":{"line":417,"column":6},"end":{"line":417,"column":69}},"169":{"start":{"line":335,"column":13},"end":{"line":335,"column":26}},"170":{"start":{"line":425,"column":30},"end":{"line":470,"column":1}},"171":{"start":{"line":426,"column":2},"end":{"line":469,"column":3}},"172":{"start":{"line":427,"column":19},"end":{"line":427,"column":32}},"173":{"start":{"line":429,"column":4},"end":{"line":432,"column":5}},"174":{"start":{"line":430,"column":6},"end":{"line":430,"column":66}},"175":{"start":{"line":431,"column":6},"end":{"line":431,"column":13}},"176":{"start":{"line":434,"column":19},"end":{"line":434,"column":31}},"177":{"start":{"line":437,"column":17},"end":{"line":437,"column":44}},"178":{"start":{"line":438,"column":4},"end":{"line":441,"column":5}},"179":{"start":{"line":439,"column":6},"end":{"line":439,"column":58}},"180":{"start":{"line":440,"column":6},"end":{"line":440,"column":13}},"181":{"start":{"line":444,"column":29},"end":{"line":447,"column":6}},"182":{"start":{"line":449,"column":4},"end":{"line":461,"column":5}},"183":{"start":{"line":451,"column":6},"end":{"line":451,"column":62}},"184":{"start":{"line":452,"column":6},"end":{"line":452,"column":50}},"185":{"start":{"line":455,"column":6},"end":{"line":459,"column":8}},"186":{"start":{"line":460,"column":6},"end":{"line":460,"column":49}},"187":{"start":{"line":463,"column":4},"end":{"line":463,"column":53}},"188":{"start":{"line":464,"column":4},"end":{"line":468,"column":5}},"189":{"start":{"line":465,"column":6},"end":{"line":465,"column":55}},"190":{"start":{"line":467,"column":6},"end":{"line":467,"column":69}},"191":{"start":{"line":425,"column":13},"end":{"line":425,"column":30}},"192":{"start":{"line":475,"column":34},"end":{"line":517,"column":1}},"193":{"start":{"line":476,"column":2},"end":{"line":516,"column":3}},"194":{"start":{"line":477,"column":17},"end":{"line":477,"column":56}},"195":{"start":{"line":478,"column":18},"end":{"line":478,"column":59}},"196":{"start":{"line":479,"column":17},"end":{"line":479,"column":35}},"197":{"start":{"line":481,"column":4},"end":{"line":484,"column":5}},"198":{"start":{"line":482,"column":6},"end":{"line":482,"column":66}},"199":{"start":{"line":483,"column":6},"end":{"line":483,"column":13}},"200":{"start":{"line":486,"column":19},"end":{"line":486,"column":31}},"201":{"start":{"line":489,"column":22},"end":{"line":492,"column":19}},"202":{"start":{"line":494,"column":20},"end":{"line":494,"column":60}},"203":{"start":{"line":494,"column":46},"end":{"line":494,"column":59}},"204":{"start":{"line":497,"column":18},"end":{"line":500,"column":6}},"205":{"start":{"line":502,"column":18},"end":{"line":502,"column":65}},"206":{"start":{"line":504,"column":4},"end":{"line":509,"column":7}},"207":{"start":{"line":511,"column":4},"end":{"line":515,"column":5}},"208":{"start":{"line":512,"column":6},"end":{"line":512,"column":55}},"209":{"start":{"line":514,"column":6},"end":{"line":514,"column":69}},"210":{"start":{"line":475,"column":13},"end":{"line":475,"column":34}},"211":{"start":{"line":522,"column":29},"end":{"line":553,"column":1}},"212":{"start":{"line":523,"column":2},"end":{"line":552,"column":3}},"213":{"start":{"line":524,"column":16},"end":{"line":524,"column":30}},"214":{"start":{"line":525,"column":17},"end":{"line":525,"column":56}},"215":{"start":{"line":526,"column":18},"end":{"line":526,"column":59}},"216":{"start":{"line":527,"column":17},"end":{"line":527,"column":35}},"217":{"start":{"line":529,"column":18},"end":{"line":536,"column":8}},"218":{"start":{"line":538,"column":18},"end":{"line":538,"column":58}},"219":{"start":{"line":540,"column":4},"end":{"line":545,"column":7}},"220":{"start":{"line":547,"column":4},"end":{"line":551,"column":5}},"221":{"start":{"line":548,"column":6},"end":{"line":548,"column":55}},"222":{"start":{"line":550,"column":6},"end":{"line":550,"column":69}},"223":{"start":{"line":522,"column":13},"end":{"line":522,"column":29}},"224":{"start":{"line":558,"column":30},"end":{"line":603,"column":1}},"225":{"start":{"line":559,"column":2},"end":{"line":602,"column":3}},"226":{"start":{"line":560,"column":19},"end":{"line":560,"column":36}},"227":{"start":{"line":561,"column":17},"end":{"line":561,"column":56}},"228":{"start":{"line":562,"column":18},"end":{"line":562,"column":59}},"229":{"start":{"line":563,"column":17},"end":{"line":563,"column":35}},"230":{"start":{"line":566,"column":17},"end":{"line":566,"column":44}},"231":{"start":{"line":567,"column":4},"end":{"line":570,"column":5}},"232":{"start":{"line":568,"column":6},"end":{"line":568,"column":58}},"233":{"start":{"line":569,"column":6},"end":{"line":569,"column":13}},"234":{"start":{"line":572,"column":18},"end":{"line":579,"column":8}},"235":{"start":{"line":581,"column":18},"end":{"line":581,"column":65}},"236":{"start":{"line":583,"column":4},"end":{"line":595,"column":7}},"237":{"start":{"line":597,"column":4},"end":{"line":601,"column":5}},"238":{"start":{"line":598,"column":6},"end":{"line":598,"column":55}},"239":{"start":{"line":600,"column":6},"end":{"line":600,"column":69}},"240":{"start":{"line":558,"column":13},"end":{"line":558,"column":30}}},"fnMap":{"0":{"name":"(anonymous_1)","decl":{"start":{"line":8,"column":26},"end":{"line":8,"column":31}},"loc":{"start":{"line":8,"column":79},"end":{"line":72,"column":1}}},"1":{"name":"(anonymous_2)","decl":{"start":{"line":38,"column":36},"end":{"line":38,"column":37}},"loc":{"start":{"line":38,"column":66},"end":{"line":43,"column":5}}},"2":{"name":"(anonymous_3)","decl":{"start":{"line":77,"column":24},"end":{"line":77,"column":29}},"loc":{"start":{"line":77,"column":77},"end":{"line":107,"column":1}}},"3":{"name":"(anonymous_4)","decl":{"start":{"line":112,"column":32},"end":{"line":112,"column":37}},"loc":{"start":{"line":112,"column":85},"end":{"line":143,"column":1}}},"4":{"name":"(anonymous_5)","decl":{"start":{"line":148,"column":33},"end":{"line":148,"column":38}},"loc":{"start":{"line":148,"column":86},"end":{"line":189,"column":1}}},"5":{"name":"(anonymous_6)","decl":{"start":{"line":162,"column":39},"end":{"line":162,"column":45}},"loc":{"start":{"line":162,"column":49},"end":{"line":162,"column":65}}},"6":{"name":"(anonymous_7)","decl":{"start":{"line":194,"column":27},"end":{"line":194,"column":32}},"loc":{"start":{"line":194,"column":80},"end":{"line":246,"column":1}}},"7":{"name":"(anonymous_8)","decl":{"start":{"line":251,"column":26},"end":{"line":251,"column":31}},"loc":{"start":{"line":251,"column":79},"end":{"line":294,"column":1}}},"8":{"name":"(anonymous_9)","decl":{"start":{"line":275,"column":38},"end":{"line":275,"column":39}},"loc":{"start":{"line":275,"column":68},"end":{"line":280,"column":7}}},"9":{"name":"(anonymous_10)","decl":{"start":{"line":299,"column":26},"end":{"line":299,"column":31}},"loc":{"start":{"line":299,"column":79},"end":{"line":330,"column":1}}},"10":{"name":"(anonymous_11)","decl":{"start":{"line":335,"column":26},"end":{"line":335,"column":31}},"loc":{"start":{"line":335,"column":79},"end":{"line":420,"column":1}}},"11":{"name":"(anonymous_12)","decl":{"start":{"line":425,"column":30},"end":{"line":425,"column":35}},"loc":{"start":{"line":425,"column":83},"end":{"line":470,"column":1}}},"12":{"name":"(anonymous_13)","decl":{"start":{"line":475,"column":34},"end":{"line":475,"column":39}},"loc":{"start":{"line":475,"column":87},"end":{"line":517,"column":1}}},"13":{"name":"(anonymous_14)","decl":{"start":{"line":494,"column":34},"end":{"line":494,"column":42}},"loc":{"start":{"line":494,"column":46},"end":{"line":494,"column":59}}},"14":{"name":"(anonymous_15)","decl":{"start":{"line":522,"column":29},"end":{"line":522,"column":34}},"loc":{"start":{"line":522,"column":82},"end":{"line":553,"column":1}}},"15":{"name":"(anonymous_16)","decl":{"start":{"line":558,"column":30},"end":{"line":558,"column":35}},"loc":{"start":{"line":558,"column":83},"end":{"line":603,"column":1}}}},"branchMap":{"0":{"loc":{"start":{"line":14,"column":4},"end":{"line":17,"column":5}},"type":"if","locations":[{"start":{"line":14,"column":4},"end":{"line":17,"column":5}}]},"1":{"loc":{"start":{"line":19,"column":4},"end":{"line":22,"column":5}},"type":"if","locations":[{"start":{"line":19,"column":4},"end":{"line":22,"column":5}}]},"2":{"loc":{"start":{"line":19,"column":8},"end":{"line":19,"column":50}},"type":"binary-expr","locations":[{"start":{"line":19,"column":8},"end":{"line":19,"column":13}},{"start":{"line":19,"column":17},"end":{"line":19,"column":24}},{"start":{"line":19,"column":28},"end":{"line":19,"column":50}}]},"3":{"loc":{"start":{"line":25,"column":4},"end":{"line":28,"column":5}},"type":"if","locations":[{"start":{"line":25,"column":4},"end":{"line":28,"column":5}}]},"4":{"loc":{"start":{"line":25,"column":8},"end":{"line":25,"column":43}},"type":"binary-expr","locations":[{"start":{"line":25,"column":8},"end":{"line":25,"column":24}},{"start":{"line":25,"column":28},"end":{"line":25,"column":43}}]},"5":{"loc":{"start":{"line":31,"column":4},"end":{"line":34,"column":5}},"type":"if","locations":[{"start":{"line":31,"column":4},"end":{"line":34,"column":5}}]},"6":{"loc":{"start":{"line":31,"column":8},"end":{"line":31,"column":33}},"type":"binary-expr","locations":[{"start":{"line":31,"column":8},"end":{"line":31,"column":23}},{"start":{"line":31,"column":27},"end":{"line":31,"column":33}}]},"7":{"loc":{"start":{"line":39,"column":6},"end":{"line":41,"column":7}},"type":"if","locations":[{"start":{"line":39,"column":6},"end":{"line":41,"column":7}}]},"8":{"loc":{"start":{"line":53,"column":12},"end":{"line":53,"column":22}},"type":"binary-expr","locations":[{"start":{"line":53,"column":12},"end":{"line":53,"column":16}},{"start":{"line":53,"column":20},"end":{"line":53,"column":22}}]},"9":{"loc":{"start":{"line":66,"column":4},"end":{"line":70,"column":5}},"type":"if","locations":[{"start":{"line":66,"column":4},"end":{"line":70,"column":5}},{"start":{"line":68,"column":11},"end":{"line":70,"column":5}}]},"10":{"loc":{"start":{"line":79,"column":17},"end":{"line":79,"column":56}},"type":"binary-expr","locations":[{"start":{"line":79,"column":17},"end":{"line":79,"column":51}},{"start":{"line":79,"column":55},"end":{"line":79,"column":56}}]},"11":{"loc":{"start":{"line":80,"column":18},"end":{"line":80,"column":59}},"type":"binary-expr","locations":[{"start":{"line":80,"column":18},"end":{"line":80,"column":53}},{"start":{"line":80,"column":57},"end":{"line":80,"column":59}}]},"12":{"loc":{"start":{"line":101,"column":4},"end":{"line":105,"column":5}},"type":"if","locations":[{"start":{"line":101,"column":4},"end":{"line":105,"column":5}},{"start":{"line":103,"column":11},"end":{"line":105,"column":5}}]},"13":{"loc":{"start":{"line":114,"column":17},"end":{"line":114,"column":56}},"type":"binary-expr","locations":[{"start":{"line":114,"column":17},"end":{"line":114,"column":51}},{"start":{"line":114,"column":55},"end":{"line":114,"column":56}}]},"14":{"loc":{"start":{"line":115,"column":18},"end":{"line":115,"column":59}},"type":"binary-expr","locations":[{"start":{"line":115,"column":18},"end":{"line":115,"column":53}},{"start":{"line":115,"column":57},"end":{"line":115,"column":59}}]},"15":{"loc":{"start":{"line":137,"column":4},"end":{"line":141,"column":5}},"type":"if","locations":[{"start":{"line":137,"column":4},"end":{"line":141,"column":5}},{"start":{"line":139,"column":11},"end":{"line":141,"column":5}}]},"16":{"loc":{"start":{"line":150,"column":17},"end":{"line":150,"column":56}},"type":"binary-expr","locations":[{"start":{"line":150,"column":17},"end":{"line":150,"column":51}},{"start":{"line":150,"column":55},"end":{"line":150,"column":56}}]},"17":{"loc":{"start":{"line":151,"column":18},"end":{"line":151,"column":59}},"type":"binary-expr","locations":[{"start":{"line":151,"column":18},"end":{"line":151,"column":53}},{"start":{"line":151,"column":57},"end":{"line":151,"column":59}}]},"18":{"loc":{"start":{"line":155,"column":4},"end":{"line":158,"column":5}},"type":"if","locations":[{"start":{"line":155,"column":4},"end":{"line":158,"column":5}}]},"19":{"loc":{"start":{"line":183,"column":4},"end":{"line":187,"column":5}},"type":"if","locations":[{"start":{"line":183,"column":4},"end":{"line":187,"column":5}},{"start":{"line":185,"column":11},"end":{"line":187,"column":5}}]},"20":{"loc":{"start":{"line":201,"column":4},"end":{"line":204,"column":5}},"type":"if","locations":[{"start":{"line":201,"column":4},"end":{"line":204,"column":5}}]},"21":{"loc":{"start":{"line":218,"column":4},"end":{"line":231,"column":5}},"type":"if","locations":[{"start":{"line":218,"column":4},"end":{"line":231,"column":5}}]},"22":{"loc":{"start":{"line":240,"column":4},"end":{"line":244,"column":5}},"type":"if","locations":[{"start":{"line":240,"column":4},"end":{"line":244,"column":5}},{"start":{"line":242,"column":11},"end":{"line":244,"column":5}}]},"23":{"loc":{"start":{"line":256,"column":4},"end":{"line":259,"column":5}},"type":"if","locations":[{"start":{"line":256,"column":4},"end":{"line":259,"column":5}}]},"24":{"loc":{"start":{"line":262,"column":4},"end":{"line":265,"column":5}},"type":"if","locations":[{"start":{"line":262,"column":4},"end":{"line":265,"column":5}}]},"25":{"loc":{"start":{"line":262,"column":8},"end":{"line":262,"column":54}},"type":"binary-expr","locations":[{"start":{"line":262,"column":8},"end":{"line":262,"column":17}},{"start":{"line":262,"column":21},"end":{"line":262,"column":54}}]},"26":{"loc":{"start":{"line":268,"column":4},"end":{"line":268,"column":48}},"type":"if","locations":[{"start":{"line":268,"column":4},"end":{"line":268,"column":48}}]},"27":{"loc":{"start":{"line":269,"column":4},"end":{"line":269,"column":51}},"type":"if","locations":[{"start":{"line":269,"column":4},"end":{"line":269,"column":51}}]},"28":{"loc":{"start":{"line":270,"column":4},"end":{"line":270,"column":45}},"type":"if","locations":[{"start":{"line":270,"column":4},"end":{"line":270,"column":45}}]},"29":{"loc":{"start":{"line":271,"column":4},"end":{"line":271,"column":63}},"type":"if","locations":[{"start":{"line":271,"column":4},"end":{"line":271,"column":63}}]},"30":{"loc":{"start":{"line":274,"column":4},"end":{"line":282,"column":5}},"type":"if","locations":[{"start":{"line":274,"column":4},"end":{"line":282,"column":5}}]},"31":{"loc":{"start":{"line":276,"column":8},"end":{"line":278,"column":9}},"type":"if","locations":[{"start":{"line":276,"column":8},"end":{"line":278,"column":9}}]},"32":{"loc":{"start":{"line":288,"column":4},"end":{"line":292,"column":5}},"type":"if","locations":[{"start":{"line":288,"column":4},"end":{"line":292,"column":5}},{"start":{"line":290,"column":11},"end":{"line":292,"column":5}}]},"33":{"loc":{"start":{"line":303,"column":4},"end":{"line":306,"column":5}},"type":"if","locations":[{"start":{"line":303,"column":4},"end":{"line":306,"column":5}}]},"34":{"loc":{"start":{"line":309,"column":4},"end":{"line":312,"column":5}},"type":"if","locations":[{"start":{"line":309,"column":4},"end":{"line":312,"column":5}}]},"35":{"loc":{"start":{"line":309,"column":8},"end":{"line":309,"column":77}},"type":"binary-expr","locations":[{"start":{"line":309,"column":8},"end":{"line":309,"column":17}},{"start":{"line":309,"column":22},"end":{"line":309,"column":55}},{"start":{"line":309,"column":59},"end":{"line":309,"column":76}}]},"36":{"loc":{"start":{"line":324,"column":4},"end":{"line":328,"column":5}},"type":"if","locations":[{"start":{"line":324,"column":4},"end":{"line":328,"column":5}},{"start":{"line":326,"column":11},"end":{"line":328,"column":5}}]},"37":{"loc":{"start":{"line":339,"column":4},"end":{"line":342,"column":5}},"type":"if","locations":[{"start":{"line":339,"column":4},"end":{"line":342,"column":5}}]},"38":{"loc":{"start":{"line":348,"column":4},"end":{"line":351,"column":5}},"type":"if","locations":[{"start":{"line":348,"column":4},"end":{"line":351,"column":5}}]},"39":{"loc":{"start":{"line":359,"column":4},"end":{"line":372,"column":5}},"type":"if","locations":[{"start":{"line":359,"column":4},"end":{"line":372,"column":5}}]},"40":{"loc":{"start":{"line":369,"column":15},"end":{"line":369,"column":38}},"type":"binary-expr","locations":[{"start":{"line":369,"column":15},"end":{"line":369,"column":33}},{"start":{"line":369,"column":37},"end":{"line":369,"column":38}}]},"41":{"loc":{"start":{"line":384,"column":6},"end":{"line":392,"column":7}},"type":"if","locations":[{"start":{"line":384,"column":6},"end":{"line":392,"column":7}}]},"42":{"loc":{"start":{"line":396,"column":15},"end":{"line":396,"column":38}},"type":"binary-expr","locations":[{"start":{"line":396,"column":15},"end":{"line":396,"column":33}},{"start":{"line":396,"column":37},"end":{"line":396,"column":38}}]},"43":{"loc":{"start":{"line":401,"column":6},"end":{"line":409,"column":7}},"type":"if","locations":[{"start":{"line":401,"column":6},"end":{"line":409,"column":7}}]},"44":{"loc":{"start":{"line":401,"column":10},"end":{"line":401,"column":87}},"type":"binary-expr","locations":[{"start":{"line":401,"column":10},"end":{"line":401,"column":15}},{"start":{"line":401,"column":19},"end":{"line":401,"column":44}},{"start":{"line":401,"column":48},"end":{"line":401,"column":63}},{"start":{"line":401,"column":67},"end":{"line":401,"column":87}}]},"45":{"loc":{"start":{"line":406,"column":17},"end":{"line":406,"column":40}},"type":"binary-expr","locations":[{"start":{"line":406,"column":17},"end":{"line":406,"column":35}},{"start":{"line":406,"column":39},"end":{"line":406,"column":40}}]},"46":{"loc":{"start":{"line":414,"column":4},"end":{"line":418,"column":5}},"type":"if","locations":[{"start":{"line":414,"column":4},"end":{"line":418,"column":5}},{"start":{"line":416,"column":11},"end":{"line":418,"column":5}}]},"47":{"loc":{"start":{"line":429,"column":4},"end":{"line":432,"column":5}},"type":"if","locations":[{"start":{"line":429,"column":4},"end":{"line":432,"column":5}}]},"48":{"loc":{"start":{"line":438,"column":4},"end":{"line":441,"column":5}},"type":"if","locations":[{"start":{"line":438,"column":4},"end":{"line":441,"column":5}}]},"49":{"loc":{"start":{"line":449,"column":4},"end":{"line":461,"column":5}},"type":"if","locations":[{"start":{"line":449,"column":4},"end":{"line":461,"column":5}},{"start":{"line":453,"column":11},"end":{"line":461,"column":5}}]},"50":{"loc":{"start":{"line":464,"column":4},"end":{"line":468,"column":5}},"type":"if","locations":[{"start":{"line":464,"column":4},"end":{"line":468,"column":5}},{"start":{"line":466,"column":11},"end":{"line":468,"column":5}}]},"51":{"loc":{"start":{"line":477,"column":17},"end":{"line":477,"column":56}},"type":"binary-expr","locations":[{"start":{"line":477,"column":17},"end":{"line":477,"column":51}},{"start":{"line":477,"column":55},"end":{"line":477,"column":56}}]},"52":{"loc":{"start":{"line":478,"column":18},"end":{"line":478,"column":59}},"type":"binary-expr","locations":[{"start":{"line":478,"column":18},"end":{"line":478,"column":53}},{"start":{"line":478,"column":57},"end":{"line":478,"column":59}}]},"53":{"loc":{"start":{"line":481,"column":4},"end":{"line":484,"column":5}},"type":"if","locations":[{"start":{"line":481,"column":4},"end":{"line":484,"column":5}}]},"54":{"loc":{"start":{"line":511,"column":4},"end":{"line":515,"column":5}},"type":"if","locations":[{"start":{"line":511,"column":4},"end":{"line":515,"column":5}},{"start":{"line":513,"column":11},"end":{"line":515,"column":5}}]},"55":{"loc":{"start":{"line":525,"column":17},"end":{"line":525,"column":56}},"type":"binary-expr","locations":[{"start":{"line":525,"column":17},"end":{"line":525,"column":51}},{"start":{"line":525,"column":55},"end":{"line":525,"column":56}}]},"56":{"loc":{"start":{"line":526,"column":18},"end":{"line":526,"column":59}},"type":"binary-expr","locations":[{"start":{"line":526,"column":18},"end":{"line":526,"column":53}},{"start":{"line":526,"column":57},"end":{"line":526,"column":59}}]},"57":{"loc":{"start":{"line":547,"column":4},"end":{"line":551,"column":5}},"type":"if","locations":[{"start":{"line":547,"column":4},"end":{"line":551,"column":5}},{"start":{"line":549,"column":11},"end":{"line":551,"column":5}}]},"58":{"loc":{"start":{"line":561,"column":17},"end":{"line":561,"column":56}},"type":"binary-expr","locations":[{"start":{"line":561,"column":17},"end":{"line":561,"column":51}},{"start":{"line":561,"column":55},"end":{"line":561,"column":56}}]},"59":{"loc":{"start":{"line":562,"column":18},"end":{"line":562,"column":59}},"type":"binary-expr","locations":[{"start":{"line":562,"column":18},"end":{"line":562,"column":53}},{"start":{"line":562,"column":57},"end":{"line":562,"column":59}}]},"60":{"loc":{"start":{"line":567,"column":4},"end":{"line":570,"column":5}},"type":"if","locations":[{"start":{"line":567,"column":4},"end":{"line":570,"column":5}}]},"61":{"loc":{"start":{"line":597,"column":4},"end":{"line":601,"column":5}},"type":"if","locations":[{"start":{"line":597,"column":4},"end":{"line":601,"column":5}},{"start":{"line":599,"column":11},"end":{"line":601,"column":5}}]}},"s":{"0":0,"1":0,"2":0,"3":0,"4":0,"5":0,"6":0,"7":0,"8":0,"9":0,"10":0,"11":0,"12":0,"13":0,"14":0,"15":0,"16":0,"17":0,"18":0,"19":0,"20":0,"21":0,"22":0,"23":0,"24":0,"25":0,"26":0,"27":0,"28":0,"29":0,"30":0,"31":0,"32":0,"33":0,"34":0,"35":0,"36":0,"37":0,"38":0,"39":0,"40":0,"41":0,"42":0,"43":0,"44":0,"45":0,"46":0,"47":0,"48":0,"49":0,"50":0,"51":0,"52":0,"53":0,"54":0,"55":0,"56":0,"57":0,"58":0,"59":0,"60":0,"61":0,"62":0,"63":0,"64":0,"65":0,"66":0,"67":0,"68":0,"69":0,"70":0,"71":0,"72":0,"73":0,"74":0,"75":0,"76":0,"77":0,"78":0,"79":0,"80":0,"81":0,"82":0,"83":0,"84":0,"85":0,"86":0,"87":0,"88":0,"89":0,"90":0,"91":0,"92":0,"93":0,"94":0,"95":0,"96":0,"97":0,"98":0,"99":0,"100":0,"101":0,"102":0,"103":0,"104":0,"105":0,"106":0,"107":0,"108":0,"109":0,"110":0,"111":0,"112":0,"113":0,"114":0,"115":0,"116":0,"117":0,"118":0,"119":0,"120":0,"121":0,"122":0,"123":0,"124":0,"125":0,"126":0,"127":0,"128":0,"129":0,"130":0,"131":0,"132":0,"133":0,"134":0,"135":0,"136":0,"137":0,"138":0,"139":0,"140":0,"141":0,"142":0,"143":0,"144":0,"145":0,"146":0,"147":0,"148":0,"149":0,"150":0,"151":0,"152":0,"153":0,"154":0,"155":0,"156":0,"157":0,"158":0,"159":0,"160":0,"161":0,"162":0,"163":0,"164":0,"165":0,"166":0,"167":0,"168":0,"169":0,"170":0,"171":0,"172":0,"173":0,"174":0,"175":0,"176":0,"177":0,"178":0,"179":0,"180":0,"181":0,"182":0,"183":0,"184":0,"185":0,"186":0,"187":0,"188":0,"189":0,"190":0,"191":0,"192":0,"193":0,"194":0,"195":0,"196":0,"197":0,"198":0,"199":0,"200":0,"201":0,"202":0,"203":0,"204":0,"205":0,"206":0,"207":0,"208":0,"209":0,"210":0,"211":0,"212":0,"213":0,"214":0,"215":0,"216":0,"217":0,"218":0,"219":0,"220":0,"221":0,"222":0,"223":0,"224":0,"225":0,"226":0,"227":0,"228":0,"229":0,"230":0,"231":0,"232":0,"233":0,"234":0,"235":0,"236":0,"237":0,"238":0,"239":0,"240":0},"f":{"0":0,"1":0,"2":0,"3":0,"4":0,"5":0,"6":0,"7":0,"8":0,"9":0,"10":0,"11":0,"12":0,"13":0,"14":0,"15":0},"b":{"0":[0],"1":[0],"2":[0,0,0],"3":[0],"4":[0,0],"5":[0],"6":[0,0],"7":[0],"8":[0,0],"9":[0,0],"10":[0,0],"11":[0,0],"12":[0,0],"13":[0,0],"14":[0,0],"15":[0,0],"16":[0,0],"17":[0,0],"18":[0],"19":[0,0],"20":[0],"21":[0],"22":[0,0],"23":[0],"24":[0],"25":[0,0],"26":[0],"27":[0],"28":[0],"29":[0],"30":[0],"31":[0],"32":[0,0],"33":[0],"34":[0],"35":[0,0,0],"36":[0,0],"37":[0],"38":[0],"39":[0],"40":[0,0],"41":[0],"42":[0,0],"43":[0],"44":[0,0,0,0],"45":[0,0],"46":[0,0],"47":[0],"48":[0],"49":[0,0],"50":[0,0],"51":[0,0],"52":[0,0],"53":[0],"54":[0,0],"55":[0,0],"56":[0,0],"57":[0,0],"58":[0,0],"59":[0,0],"60":[0],"61":[0,0]}}
,"C:\\Users\\Tsoogii\\Desktop\\sandbox\\Mercury\\Mercury\\Backend\\src\\controllers\\searchController.ts": {"path":"C:\\Users\\Tsoogii\\Desktop\\sandbox\\Mercury\\Mercury\\Backend\\src\\controllers\\searchController.ts","statementMap":{"0":{"start":{"line":2,"column":0},"end":{"line":2,"column":39}},"1":{"start":{"line":8,"column":22},"end":{"line":104,"column":1}},"2":{"start":{"line":9,"column":2},"end":{"line":103,"column":3}},"3":{"start":{"line":10,"column":50},"end":{"line":10,"column":59}},"4":{"start":{"line":11,"column":17},"end":{"line":11,"column":51}},"5":{"start":{"line":13,"column":4},"end":{"line":15,"column":5}},"6":{"start":{"line":14,"column":6},"end":{"line":14,"column":75}},"7":{"start":{"line":17,"column":24},"end":{"line":17,"column":37}},"8":{"start":{"line":18,"column":23},"end":{"line":18,"column":50}},"9":{"start":{"line":20,"column":23},"end":{"line":20,"column":47}},"10":{"start":{"line":21,"column":16},"end":{"line":21,"column":17}},"11":{"start":{"line":24,"column":4},"end":{"line":54,"column":5}},"12":{"start":{"line":26,"column":26},"end":{"line":39,"column":8}},"13":{"start":{"line":41,"column":24},"end":{"line":47,"column":8}},"14":{"start":{"line":49,"column":6},"end":{"line":49,"column":34}},"15":{"start":{"line":51,"column":6},"end":{"line":53,"column":7}},"16":{"start":{"line":52,"column":8},"end":{"line":52,"column":26}},"17":{"start":{"line":57,"column":4},"end":{"line":84,"column":5}},"18":{"start":{"line":59,"column":26},"end":{"line":69,"column":56}},"19":{"start":{"line":71,"column":24},"end":{"line":77,"column":8}},"20":{"start":{"line":79,"column":6},"end":{"line":79,"column":34}},"21":{"start":{"line":81,"column":6},"end":{"line":83,"column":7}},"22":{"start":{"line":82,"column":8},"end":{"line":82,"column":26}},"23":{"start":{"line":87,"column":4},"end":{"line":89,"column":5}},"24":{"start":{"line":88,"column":6},"end":{"line":88,"column":58}},"25":{"start":{"line":91,"column":4},"end":{"line":96,"column":7}},"26":{"start":{"line":98,"column":4},"end":{"line":102,"column":5}},"27":{"start":{"line":99,"column":6},"end":{"line":99,"column":55}},"28":{"start":{"line":101,"column":6},"end":{"line":101,"column":69}},"29":{"start":{"line":8,"column":13},"end":{"line":8,"column":22}},"30":{"start":{"line":109,"column":27},"end":{"line":157,"column":1}},"31":{"start":{"line":110,"column":2},"end":{"line":156,"column":3}},"32":{"start":{"line":111,"column":44},"end":{"line":111,"column":53}},"33":{"start":{"line":112,"column":17},"end":{"line":112,"column":51}},"34":{"start":{"line":114,"column":4},"end":{"line":116,"column":5}},"35":{"start":{"line":115,"column":6},"end":{"line":115,"column":75}},"36":{"start":{"line":118,"column":24},"end":{"line":118,"column":37}},"37":{"start":{"line":121,"column":18},"end":{"line":134,"column":6}},"38":{"start":{"line":136,"column":18},"end":{"line":142,"column":6}},"39":{"start":{"line":144,"column":4},"end":{"line":149,"column":7}},"40":{"start":{"line":151,"column":4},"end":{"line":155,"column":5}},"41":{"start":{"line":152,"column":6},"end":{"line":152,"column":55}},"42":{"start":{"line":154,"column":6},"end":{"line":154,"column":69}},"43":{"start":{"line":109,"column":13},"end":{"line":109,"column":27}},"44":{"start":{"line":162,"column":27},"end":{"line":207,"column":1}},"45":{"start":{"line":163,"column":2},"end":{"line":206,"column":3}},"46":{"start":{"line":164,"column":44},"end":{"line":164,"column":53}},"47":{"start":{"line":165,"column":17},"end":{"line":165,"column":51}},"48":{"start":{"line":167,"column":4},"end":{"line":169,"column":5}},"49":{"start":{"line":168,"column":6},"end":{"line":168,"column":75}},"50":{"start":{"line":171,"column":24},"end":{"line":171,"column":37}},"51":{"start":{"line":174,"column":18},"end":{"line":184,"column":25}},"52":{"start":{"line":186,"column":18},"end":{"line":192,"column":6}},"53":{"start":{"line":194,"column":4},"end":{"line":199,"column":7}},"54":{"start":{"line":201,"column":4},"end":{"line":205,"column":5}},"55":{"start":{"line":202,"column":6},"end":{"line":202,"column":55}},"56"
[...]
,"C:\\Users\\Tsoogii\\Desktop\\sandbox\\Mercury\\Mercury\\Backend\\src\\models\\likeModel.ts": {"path":"C:\\Users\\Tsoogii\\Desktop\\sandbox\\Mercury\\Mercury\\Backend\\src\\models\\likeModel.ts","statementMap":{"0":{"start":{"line":1,"column":0},"end":{"line":1,"column":54}},"1":{"start":{"line":10,"column":19},"end":{"line":28,"column":null}},"2":{"start":{"line":32,"column":0},"end":{"line":32,"column":71}},"3":{"start":{"line":33,"column":0},"end":{"line":33,"column":74}},"4":{"start":{"line":36,"column":0},"end":{"line":42,"column":3}},"5":{"start":{"line":37,"column":2},"end":{"line":41,"column":3}},"6":{"start":{"line":38,"column":4},"end":{"line":38,"column":86}},"7":{"start":{"line":40,"column":4},"end":{"line":40,"column":11}},"8":{"start":{"line":45,"column":0},"end":{"line":45,"column":30}},"9":{"start":{"line":46,"column":0},"end":{"line":46,"column":33}},"10":{"start":{"line":48,"column":0},"end":{"line":48,"column":57}}},"fnMap":{"0":{"name":"(anonymous_9)","decl":{"start":{"line":36,"column":27},"end":{"line":36,"column":36}},"loc":{"start":{"line":36,"column":40},"end":{"line":42,"column":1}}}},"branchMap":{"0":{"loc":{"start":{"line":37,"column":2},"end":{"line":41,"column":3}},"type":"if","locations":[{"start":{"line":37,"column":2},"end":{"line":41,"column":3}},{"start":{"line":39,"column":9},"end":{"line":41,"column":3}}]},"1":{"loc":{"start":{"line":37,"column":6},"end":{"line":37,"column":66}},"type":"binary-expr","locations":[{"start":{"line":37,"column":7},"end":{"line":37,"column":16}},{"start":{"line":37,"column":20},"end":{"line":37,"column":32}},{"start":{"line":37,"column":38},"end":{"line":37,"column":48}},{"start":{"line":37,"column":52},"end":{"line":37,"column":65}}]}},"s":{"0":1,"1":1,"2":1,"3":1,"4":1,"5":0,"6":0,"7":0,"8":1,"9":1,"10":1},"f":{"0":0},"b":{"0":[0,0],"1":[0,0,0,0]}}
,"C:\\Users\\Tsoogii\\Desktop\\sandbox\\Mercury\\Mercury\\Backend\\src\\models\\notificationModel.ts": {"path":"C:\\Users\\Tsoogii\\Desktop\\sandbox\\Mercury\\Mercury\\Backend\\src\\models\\notificationModel.ts","statementMap":{"0":{"start":{"line":1,"column":0},"end":{"line":1,"column":32}},"1":{"start":{"line":13,"column":27},"end":{"line":45,"column":null}},"2":{"start":{"line":48,"column":21},"end":{"line":48,"column":86}},"3":{"start":{"line":50,"column":0},"end":{"line":50,"column":28}}},"fnMap":{},"branchMap":{},"s":{"0":1,"1":1,"2":1,"3":1},"f":{},"b":{}}
,"C:\\Users\\Tsoogii\\Desktop\\sandbox\\Mercury\\Mercury\\Backend\\src\\models\\postModel.ts": {"path":"C:\\Users\\Tsoogii\\Desktop\\sandbox\\Mercury\\Mercury\\Backend\\src\\models\\postModel.ts","statementMap":{"0":{"start":{"line":1,"column":0},"end":{"line":1,"column":54}},"1":{"start":{"line":29,"column":19},"end":{"line":106,"column":null}},"2":{"start":{"line":39,"column":8},"end":{"line":39,"column":36}},"3":{"start":{"line":57,"column":10},"end":{"line":57,"column":60}},"4":{"start":{"line":86,"column":26},"end":{"line":91,"column":13}},"5":{"start":{"line":87,"column":10},"end":{"line":89,"column":11}},"6":{"start":{"line":88,"column":12},"end":{"line":88,"column":77}},"7":{"start":{"line":90,"column":10},"end":{"line":90,"column":23}},"8":{"start":{"line":92,"column":8},"end":{"line":92,"column":48}},"9":{"start":{"line":109,"column":0},"end":{"line":109,"column":57}}},"fnMap":{"0":{"name":"(anonymous_9)","decl":{"start":{"line":38,"column":16},"end":{"line":38,"column":null}},"loc":{"start":{"line":38,"column":16},"end":{"line":40,"column":7}}},"1":{"name":"(anonymous_10)","decl":{"start":{"line":56,"column":19},"end":{"line":56,"column":28}},"loc":{"start":{"line":56,"column":44},"end":{"line":58,"column":9}}},"2":{"name":"(anonymous_11)","decl":{"start":{"line":83,"column":15},"end":{"line":83,"column":null}},"loc":{"start":{"line":83,"column":15},"end":{"line":93,"column":7}}},"3":{"name":"(anonymous_12)","decl":{"start":{"line":86,"column":45},"end":{"line":86,"column":46}},"loc":{"start":{"line":86,"column":62},"end":{"line":91,"column":9}}}},"branchMap":{"0":{"loc":{"start":{"line":57,"column":17},"end":{"line":57,"column":59}},"type":"binary-expr","locations":[{"start":{"line":57,"column":17},"end":{"line":57,"column":38}},{"start":{"line":57,"column":42},"end":{"line":57,"column":59}}]},"1":{"loc":{"start":{"line":87,"column":10},"end":{"line":89,"column":11}},"type":"if","locations":[{"start":{"line":87,"column":10},"end":{"line":89,"column":11}}]},"2":{"loc":{"start":{"line":92,"column":15},"end":{"line":92,"column":47}},"type":"binary-expr","locations":[{"start":{"line":92,"column":15},"end":{"line":92,"column":42}},{"start":{"line":92,"column":46},"end":{"line":92,"column":47}}]}},"s":{"0":2,"1":2,"2":5,"3":5,"4":5,"5":6,"6":6,"7":0,"8":5,"9":2},"f":{"0":5,"1":5,"2":5,"3":6},"b":{"0":[5,5],"1":[6],"2":[5,4]}}
,"C:\\Users\\Tsoogii\\Desktop\\sandbox\\Mercury\\Mercury\\Backend\\src\\models\\userModel.ts": {"path":"C:\\Users\\Tsoogii\\Desktop\\sandbox\\Mercury\\Mercury\\Backend\\src\\models\\userModel.ts","statementMap":{"0":{"start":{"line":1,"column":0},"end":{"line":1,"column":54}},"1":{"start":{"line":17,"column":19},"end":{"line":63,"column":null}},"2":{"start":{"line":66,"column":0},"end":{"line":66,"column":57}}},"fnMap":{},"branchMap":{},"s":{"0":3,"1":3,"2":3},"f":{},"b":{}}
,"C:\\Users\\Tsoogii\\Desktop\\sandbox\\Mercury\\Mercury\\Backend\\src\\routes\\authRoutes.ts": {"path":"C:\\Users\\Tsoogii\\Desktop\\sandbox\\Mercury\\Mercury\\Backend\\src\\routes\\authRoutes.ts","statementMap":{"0":{"start":{"line":1,"column":0},"end":{"line":1,"column":30}},"1":{"start":{"line":2,"column":0},"end":{"line":2,"column":null}},"2":{"start":{"line":8,"column":0},"end":{"line":8,"column":55}},"3":{"start":{"line":10,"column":15},"end":{"line":10,"column":31}},"4":{"start":{"line":13,"column":0},"end":{"line":13,"column":44}},"5":{"start":{"line":14,"column":0},"end":{"line":14,"column":38}},"6":{"start":{"line":15,"column":0},"end":{"line":15,"column":47}},"7":{"start":{"line":18,"column":0},"end":{"line":18,"column":49}},"8":{"start":{"line":20,"column":0},"end":{"line":20,"column":22}}},"fnMap":{},"branchMap":{},"s":{"0":1,"1":1,"2":1,"3":1,"4":1,"5":1,"6":1,"7":1,"8":1},"f":{},"b":{}}
,"C:\\Users\\Tsoogii\\Desktop\\sandbox\\Mercury\\Mercury\\Backend\\src\\routes\\commentRoutes.ts": {"path":"C:\\Users\\Tsoogii\\Desktop\\sandbox\\Mercury\\Mercury\\Backend\\src\\routes\\commentRoutes.ts","statementMap":{"0":{"start":{"line":1,"column":0},"end":{"line":1,"column":30}},"1":{"start":{"line":2,"column":0},"end":{"line":2,"column":null}},"2":{"start":{"line":10,"column":0},"end":{"line":10,"column":69}},"3":{"start":{"line":12,"column":15},"end":{"line":12,"column":31}},"4":{"start":{"line":15,"column":0},"end":{"line":15,"column":63}},"5":{"start":{"line":16,"column":0},"end":{"line":16,"column":71}},"6":{"start":{"line":19,"column":0},"end":{"line":19,"column":69}},"7":{"start":{"line":20,"column":0},"end":{"line":20,"column":52}},"8":{"start":{"line":21,"column":0},"end":{"line":21,"column":55}},"9":{"start":{"line":22,"column":0},"end":{"line":22,"column":62}},"10":{"start":{"line":24,"column":0},"end":{"line":24,"column":22}}},"fnMap":{},"branchMap":{},"s":{"0":0,"1":0,"2":0,"3":0,"4":0,"5":0,"6":0,"7":0,"8":0,"9":0,"10":0},"f":{},"b":{}}
,"C:\\Users\\Tsoogii\\Desktop\\sandbox\\Mercury\\Mercury\\Backend\\src\\routes\\notificationRoutes.ts": {"path":"C:\\Users\\Tsoogii\\Desktop\\sandbox\\Mercury\\Mercury\\Backend\\src\\routes\\notificationRoutes.ts","statementMap":{"0":{"start":{"line":1,"column":0},"end":{"line":1,"column":30}},"1":{"start":{"line":2,"column":0},"end":{"line":2,"column":55}},"2":{"start":{"line":3,"column":0},"end":{"line":3,"column":null}},"3":{"start":{"line":11,"column":15},"end":{"line":11,"column":31}},"4":{"start":{"line":14,"column":0},"end":{"line":14,"column":20}},"5":{"start":{"line":16,"column":0},"end":{"line":16,"column":40}},"6":{"start":{"line":17,"column":0},"end":{"line":17,"column":58}},"7":{"start":{"line":18,"column":0},"end":{"line":18,"column":50}},"8":{"start":{"line":19,"column":0},"end":{"line":19,"column":54}},"9":{"start":{"line":20,"column":0},"end":{"line":20,"column":48}},"10":{"start":{"line":22,"column":0},"end":{"line":22,"column":22}}},"fnMap":{},"branchMap":{},"s":{"0":0,"1":0,"2":0,"3":0,"4":0,"5":0,"6":0,"7":0,"8":0,"9":0,"10":0},"f":{},"b":{}}
,"C:\\Users\\Tsoogii\\Desktop\\sandbox\\Mercury\\Mercury\\Backend\\src\\routes\\postRoutes.ts": {"path":"C:\\Users\\Tsoogii\\Desktop\\sandbox\\Mercury\\Mercury\\Backend\\src\\routes\\postRoutes.ts","statementMap":{"0":{"start":{"line":1,"column":0},"end":{"line":1,"column":30}},"1":{"start":{"line":2,"column":0},"end":{"line":2,"column":null}},"2":{"start":{"line":16,"column":0},"end":{"line":16,"column":69}},"3":{"start":{"line":18,"column":15},"end":{"line":18,"column":31}},"4":{"start":{"line":21,"column":0},"end":{"line":21,"column":38}},"5":{"start":{"line":22,"column":0},"end":{"line":22,"column":54}},"6":{"start":{"line":23,"column":0},"end":{"line":23,"column":53}},"7":{"start":{"line":26,"column":0},"end":{"line":26,"column":40}},"8":{"start":{"line":27,"column":0},"end":{"line":27,"column":56}},"9":{"start":{"line":28,"column":0},"end":{"line":28,"column":54}},"10":{"start":{"line":29,"column":0},"end":{"line":29,"column":58}},"11":{"start":{"line":32,"column":0},"end":{"line":32,"column":46}},"12":{"start":{"line":33,"column":0},"end":{"line":33,"column":40}},"13":{"start":{"line":34,"column":0},"end":{"line":34,"column":43}},"14":{"start":{"line":35,"column":0},"end":{"line":35,"column":46}},"15":{"start":{"line":36,"column":0},"end":{"line":36,"column":54}},"16":{"start":{"line":38,"column":0},"end":{"line":38,"column":22}}},"fnMap":{},"branchMap":{},"s":{"0":0,"1":0,"2":0,"3":0,"4":0,"5":0,"6":0,"7":0,"8":0,"9":0,"10":0,"11":0,"12":0,"13":0,"14":0,"15":0,"16":0},"f":{},"b":{}}
,"C:\\Users\\Tsoogii\\Desktop\\sandbox\\Mercury\\Mercury\\Backend\\src\\routes\\searchRoutes.ts": {"path":"C:\\Users\\Tsoogii\\Desktop\\sandbox\\Mercury\\Mercury\\Backend\\src\\routes\\searchRoutes.ts","statementMap":{"0":{"start":{"line":1,"column":0},"end":{"line":1,"column":30}},"1":{"start":{"line":2,"column":0},"end":{"line":2,"column":null}},"2":{"start":{"line":7,"column":0},"end":{"line":7,"column":60}},"3":{"start":{"line":9,"column":15},"end":{"line":9,"column":31}},"4":{"start":{"line":12,"column":0},"end":{"line":12,"column":47}},"5":{"start":{"line":13,"column":0},"end":{"line":13,"column":57}},"6":{"start":{"line":14,"column":0},"end":{"line":14,"column":57}},"7":{"start":{"line":16,"column":0},"end":{"line":16,"column":22}}},"fnMap":{},"branchMap":{},"s":{"0":0,"1":0,"2":0,"3":0,"4":0,"5":0,"6":0,"7":0},"f":{},"b":{}}
,"C:\\Users\\Tsoogii\\Desktop\\sandbox\\Mercury\\Mercury\\Backend\\src\\routes\\socialRoutes.ts": {"path":"C:\\Users\\Tsoogii\\Desktop\\sandbox\\Mercury\\Mercury\\Backend\\src\\routes\\socialRoutes.ts","statementMap":{"0":{"start":{"line":1,"column":0},"end":{"line":1,"column":30}},"1":{"start":{"line":2,"column":0},"end":{"line":2,"column":null}},"2":{"start":{"line":11,"column":0},"end":{"line":11,"column":69}},"3":{"start":{"line":13,"column":15},"end":{"line":13,"column":31}},"4":{"start":{"line":16,"column":0},"end":{"line":16,"column":52}},"5":{"start":{"line":17,"column":0},"end":{"line":17,"column":56}},"6":{"start":{"line":18,"column":0},"end":{"line":18,"column":64}},"7":{"start":{"line":19,"column":0},"end":{"line":19,"column":55}},"8":{"start":{"line":22,"column":0},"end":{"line":22,"column":61}},"9":{"start":{"line":23,"column":0},"end":{"line":23,"column":61}},"10":{"start":{"line":24,"column":0},"end":{"line":24,"column":57}},"11":{"start":{"line":26,"column":0},"end":{"line":26,"column":22}}},"fnMap":{},"branchMap":{},"s":{"0":0,"1":0,"2":0,"3":0,"4":0,"5":0,"6":0,"7":0,"8":0,"9":0,"10":0,"11":0},"f":{},"b":{}}
,"C:\\Users\\Tsoogii\\Desktop\\sandbox\\Mercury\\Mercury\\Backend\\src\\routes\\userRoutes.ts": {"path":"C:\\Users\\Tsoogii\\Desktop\\sandbox\\Mercury\\Mercury\\Backend\\src\\routes\\userRoutes.ts","statementMap":{"0":{"start":{"line":1,"column":0},"end":{"line":1,"column":30}},"1":{"start":{"line":2,"column":0},"end":{"line":2,"column":null}},"2":{"start":{"line":11,"column":0},"end":{"line":11,"column":66}},"3":{"start":{"line":13,"column":15},"end":{"line":13,"column":31}},"4":{"start":{"line":16,"column":0},"end":{"line":16,"column":62}},"5":{"start":{"line":17,"column":0},"end":{"line":17,"column":41}},"6":{"start":{"line":20,"column":0},"end":{"line":20,"column":52}},"7":{"start":{"line":21,"column":0},"end":{"line":21,"column":57}},"8":{"start":{"line":22,"column":0},"end":{"line":22,"column":60}},"9":{"start":{"line":25,"column":0},"end":{"line":25,"column":55}},"10":{"start":{"line":26,"column":0},"end":{"line":26,"column":68}},"11":{"start":{"line":27,"column":0},"end":{"line":27,"column":63}},"12":{"start":{"line":29,"column":0},"end":{"line":29,"column":22}}},"fnMap":{},"branchMap":{},"s":{"0":0,"1":0,"2":0,"3":0,"4":0,"5":0,"6":0,"7":0,"8":0,"9":0,"10":0,"11":0,"12":0},"f":{},"b":{}}
,"C:\\Users\\Tsoogii\\Desktop\\sandbox\\Mercury\\Mercury\\Backend\\src\\types\\express.d.ts": {"path":"C:\\Users\\Tsoogii\\Desktop\\sandbox\\Mercury\\Mercury\\Backend\\src\\types\\express.d.ts","statementMap":{},"fnMap":{},"branchMap":{},"s":{},"f":{},"b":{}}
,"C:\\Users\\Tsoogii\\Desktop\\sandbox\\Mercury\\Mercury\\Backend\\src\\utils\\authUtils.ts": {"path":"C:\\Users\\Tsoogii\\Desktop\\sandbox\\Mercury\\Mercury\\Backend\\src\\utils\\authUtils.ts","statementMap":{"0":{"start":{"line":1,"column":0},"end":{"line":1,"column":28}},"1":{"start":{"line":2,"column":0},"end":{"line":2,"column":48}},"2":{"start":{"line":7,"column":19},"end":{"line":7,"column":66}},"3":{"start":{"line":8,"column":19},"end":{"line":8,"column":49}},"4":{"start":{"line":9,"column":27},"end":{"line":9,"column":86}},"5":{"start":{"line":10,"column":27},"end":{"line":10,"column":66}},"6":{"start":{"line":13,"column":0},"end":{"line":13,"column":34}},"7":{"start":{"line":14,"column":0},"end":{"line":14,"column":55}},"8":{"start":{"line":15,"column":0},"end":{"line":15,"column":41}},"9":{"start":{"line":16,"column":0},"end":{"line":16,"column":71}},"10":{"start":{"line":17,"column":0},"end":{"line":17,"column":57}},"11":{"start":{"line":24,"column":28},"end":{"line":27,"column":1}},"12":{"start":{"line":25,"column":15},"end":{"line":25,"column":39}},"13":{"start":{"line":26,"column":2},"end":{"line":26,"column":43}},"14":{"start":{"line":24,"column":13},"end":{"line":24,"column":28}},"15":{"start":{"line":35,"column":31},"end":{"line":40,"column":1}},"16":{"start":{"line":39,"column":2},"end":{"line":39,"column":56}},"17":{"start":{"line":35,"column":13},"end":{"line":35,"column":31}},"18":{"start":{"line":47,"column":30},"end":{"line":63,"column":1}},"19":{"start":{"line":49,"column":22},"end":{"line":52,"column":null}},"20":{"start":{"line":56,"column":23},"end":{"line":59,"column":null}},"21":{"start":{"line":62,"column":2},"end":{"line":62,"column":39}},"22":{"start":{"line":47,"column":13},"end":{"line":47,"column":30}},"23":{"start":{"line":70,"column":27},"end":{"line":78,"column":1}},"24":{"start":{"line":71,"column":2},"end":{"line":77,"column":3}},"25":{"start":{"line":72,"column":20},"end":{"line":72,"column":67}},"26":{"start":{"line":73,"column":4},"end":{"line":73,"column":19}},"27":{"start":{"line":75,"column":4},"end":{"line":75,"column":54}},"28":{"start":{"line":76,"column":4},"end":{"line":76,"column":16}},"29":{"start":{"line":70,"column":13},"end":{"line":70,"column":27}},"30":{"start":{"line":85,"column":34},"end":{"line":93,"column":1}},"31":{"start":{"line":86,"column":2},"end":{"line":92,"column":3}},"32":{"start":{"line":87,"column":20},"end":{"line":87,"column":75}},"33":{"start":{"line":88,"column":4},"end":{"line":88,"column":19}},"34":{"start":{"line":90,"column":4},"end":{"line":90,"column":62}},"35":{"start":{"line":91,"column":4},"end":{"line":91,"column":16}},"36":{"start":{"line":85,"column":13},"end":{"line":85,"column":34}},"37":{"start":{"line":101,"column":31},"end":{"line":121,"column":1}},"38":{"start":{"line":107,"column":2},"end":{"line":112,"column":5}},"39":{"start":{"line":115,"column":2},"end":{"line":120,"column":5}},"40":{"start":{"line":101,"column":13},"end":{"line":101,"column":31}},"41":{"start":{"line":127,"column":33},"end":{"line":136,"column":1}},"42":{"start":{"line":128,"column":2},"end":{"line":131,"column":5}},"43":{"start":{"line":132,"column":2},"end":{"line":135,"column":5}},"44":{"start":{"line":127,"column":13},"end":{"line":127,"column":33}},"45":{"start":{"line":143,"column":34},"end":{"line":154,"column":1}},"46":{"start":{"line":144,"column":2},"end":{"line":153,"column":4}},"47":{"start":{"line":143,"column":13},"end":{"line":143,"column":34}}},"fnMap":{"0":{"name":"(anonymous_1)","decl":{"start":{"line":24,"column":28},"end":{"line":24,"column":33}},"loc":{"start":{"line":24,"column":72},"end":{"line":27,"column":1}}},"1":{"name":"(anonymous_2)","decl":{"start":{"line":35,"column":31},"end":{"line":35,"column":36}},"loc":{"start":{"line":38,"column":22},"end":{"line":40,"column":1}}},"2":{"name":"(anonymous_3)","decl":{"start":{"line":47,"column":30},"end":{"line":47,"column":31}},"loc":{"start":{"line":47,"column":49},"end":{"line":63,"column":1}}},"3":{"name":"(anonymous_4)","decl":{"start":{"line":70,"column":27},"end":{"line":70,"column":28}},"loc":{"start":{"line":70,"column":68},"end":{"line":78,"column":1}}},"4":{"name":"(anonymous_5)","decl":{"start":{"line":85,"column":34},"end":{"line":85,"column":35}},"loc":{"start":{"line":85,"column":75},"end":{"line":93,"column":1}}},"5":{"name":"(anonymous_6)","decl":{"start":{"line":101,"column":31},"end":{"line":101,"column":null}},"loc":{"start":{"line":105,"column":10},"end":{"line":121,"column":1}}},"6":{"name":"(anonymous_7)","decl":{"start":{"line":127,"column":33},"end":{"line":127,"column":34}},"loc":{"start":{"line":127,"column":57},"end":{"line":136,"column":1}}},"7":{"name":"(anonymous_8)","decl":{"start":{"line":143,"column":34},"end":{"line":143,"column":35}},"loc":{"start":{"line":143,"column":50},"end":{"line":154,"column":1}}}},"branchMap":{"0":{"loc":{"start":{"line":7,"column":19},"end":{"line":7,"column":66}},"type":"binary-expr","locations":[{"start":{"line":7,"column":19},"end":{"line":7,"column":41}},{"start":{"line":7,"column":45},"end":{"line":7,"column":66}}]},"1":{"loc":{"start":{"line":8,"column":19},"end":{"line":8,"column":49}},"type":"binary-expr","locations":[{"start":{"line":8,"column":19},"end":{"line":8,"column":41}},{"start":{"line":8,"column":45},"end":{"line":8,"column":49}}]},"2":{"loc":{"start":{"line":9,"column":27},"end":{"line":9,"column":86}},"type":"binary-expr","locations":[{"start":{"line":9,"column":27},"end":{"line":9,"column":57}},{"start":{"line":9,"column":61},"end":{"line":9,"column":86}}]},"3":{"loc":{"start":{"line":10,"column":27},"end":{"line":10,"column":66}},"type":"binary-expr","locations":[{"start":{"line":10,"column":27},"end":{"line":10,"column":57}},{"start":{"line":10,"column":61},"end":{"line":10,"column":66}}]}},"s":{"0":1,"1":1,"2":1,"3":1,"4":1,"5":1,"6":1,"7":1,"8":1,"9":1,"10":1,"11":1,"12":5,"13":5,"14":1,"15":1,"16":2,"17":1,"18":1,"19":6,"20":6,"21":6,"22":1,"23":1,"24":0,"25":0,"26":0,"27":0,"28":0,"29":1,"30":1,"31":0,"32":0,"33":0,"34":0,"35":0,"36":1,"37":1,"38":0,"39":0,"40":1,"41":1,"42":0,"43":0,"44":1,"45":1,"46":6,"47":1},"f":{"0":5,"1":2,"2":6,"3":0,"4":0,"5":0,"6":0,"7":6},"b":{"0":[1,0],"1":[1,1],"2":[1,1],"3":[1,1]}}
}
