TN:
SF:src\config\db.ts
FN:6,(anonymous_1)
FNF:1
FNH:0
FNDA:0,(anonymous_1)
DA:1,0
DA:2,0
DA:4,0
DA:6,0
DA:7,0
DA:8,0
DA:10,0
DA:11,0
DA:14,0
DA:16,0
DA:18,0
DA:19,0
DA:20,0
DA:23,0
DA:24,0
DA:30,0
LF:16
LH:0
BRDA:10,0,0,0
BRDA:18,1,0,0
BRDA:18,1,1,0
BRF:3
BRH:0
end_of_record
TN:
SF:src\config\firebase.ts
FNF:0
FNH:0
DA:4,0
DA:7,0
DA:8,0
DA:9,0
DA:11,0
LF:5
LH:0
BRF:0
BRH:0
end_of_record
TN:
SF:src\controllers\authController.ts
FN:15,(anonymous_0)
FN:123,(anonymous_1)
FN:186,(anonymous_2)
FN:246,(anonymous_3)
FNF:4
FNH:2
FNDA:7,(anonymous_0)
FNDA:3,(anonymous_1)
FNDA:0,(anonymous_2)
FNDA:0,(anonymous_3)
DA:2,1
DA:4,1
DA:15,1
DA:16,7
DA:17,7
DA:22,7
DA:25,7
DA:26,1
DA:33,1
DA:40,6
DA:44,6
DA:45,1
DA:50,1
DA:57,5
DA:60,5
DA:69,5
DA:72,5
DA:73,5
DA:74,5
DA:85,0
DA:87,0
DA:89,0
DA:90,0
DA:91,0
DA:99,0
DA:100,0
DA:101,0
DA:107,0
DA:112,0
DA:123,1
DA:124,3
DA:125,3
DA:128,3
DA:129,0
DA:136,3
DA:137,3
DA:138,1
DA:145,2
DA:146,1
DA:153,1
DA:154,1
DA:155,1
DA:158,1
DA:169,0
DA:170,0
DA:175,0
DA:186,1
DA:187,0
DA:188,0
DA:190,0
DA:191,0
DA:198,0
DA:199,0
DA:200,0
DA:207,0
DA:208,0
DA:209,0
DA:216,0
DA:219,0
DA:220,0
DA:223,0
DA:229,0
DA:230,0
DA:235,0
DA:246,1
DA:247,0
DA:249,0
DA:250,0
DA:251,0
DA:252,0
DA:253,0
DA:258,0
DA:263,0
DA:264,0
DA:269,0
LF:75
LH:34
BRDA:19,0,0,7
BRDA:19,0,1,0
BRDA:25,1,0,1
BRDA:25,2,0,7
BRDA:25,2,1,7
BRDA:25,2,2,7
BRDA:25,2,3,6
BRDA:44,3,0,1
BRDA:87,4,0,0
BRDA:87,4,1,0
BRDA:89,5,0,0
BRDA:99,6,0,0
BRDA:99,7,0,0
BRDA:99,7,1,0
BRDA:128,8,0,0
BRDA:128,9,0,3
BRDA:128,9,1,3
BRDA:137,10,0,1
BRDA:145,11,0,1
BRDA:169,12,0,0
BRDA:169,12,1,0
BRDA:190,13,0,0
BRDA:199,14,0,0
BRDA:208,15,0,0
BRDA:208,16,0,0
BRDA:208,16,1,0
BRDA:229,17,0,0
BRDA:229,17,1,0
BRDA:249,18,0,0
BRDA:251,19,0,0
BRDA:263,20,0,0
BRDA:263,20,1,0
BRF:32
BRH:11
end_of_record
TN:
SF:src\controllers\commentController.ts
FN:8,(anonymous_1)
FN:87,(anonymous_2)
FN:113,(anonymous_3)
FN:148,(anonymous_4)
FN:187,(anonymous_5)
FN:230,(anonymous_6)
FN:284,(anonymous_7)
FNF:7
FNH:0
FNDA:0,(anonymous_1)
FNDA:0,(anonymous_2)
FNDA:0,(anonymous_3)
FNDA:0,(anonymous_4)
FNDA:0,(anonymous_5)
FNDA:0,(anonymous_6)
FNDA:0,(anonymous_7)
DA:2,0
DA:3,0
DA:8,0
DA:9,0
DA:10,0
DA:11,0
DA:12,0
DA:13,0
DA:16,0
DA:17,0
DA:18,0
DA:22,0
DA:23,0
DA:24,0
DA:25,0
DA:29,0
DA:30,0
DA:31,0
DA:32,0
DA:33,0
DA:37,0
DA:38,0
DA:39,0
DA:44,0
DA:53,0
DA:54,0
DA:57,0
DA:58,0
DA:69,0
DA:74,0
DA:76,0
DA:77,0
DA:79,0
DA:87,0
DA:88,0
DA:89,0
DA:90,0
DA:91,0
DA:92,0
DA:95,0
DA:96,0
DA:97,0
DA:98,0
DA:102,0
DA:112,0
DA:114,0
DA:121,0
DA:128,0
DA:130,0
DA:137,0
DA:138,0
DA:140,0
DA:148,0
DA:149,0
DA:150,0
DA:151,0
DA:153,0
DA:154,0
DA:155,0
DA:159,0
DA:160,0
DA:161,0
DA:165,0
DA:166,0
DA:169,0
DA:174,0
DA:176,0
DA:177,0
DA:179,0
DA:187,0
DA:188,0
DA:189,0
DA:191,0
DA:192,0
DA:193,0
DA:197,0
DA:198,0
DA:199,0
DA:203,0
DA:206,0
DA:211,0
DA:212,0
DA:213,0
DA:214,0
DA:217,0
DA:219,0
DA:220,0
DA:222,0
DA:230,0
DA:231,0
DA:232,0
DA:233,0
DA:236,0
DA:237,0
DA:238,0
DA:239,0
DA:243,0
DA:248,0
DA:250,0
DA:253,0
DA:254,0
DA:255,0
DA:257,0
DA:260,0
DA:267,0
DA:268,0
DA:270,0
DA:273,0
DA:274,0
DA:276,0
DA:284,0
DA:285,0
DA:286,0
DA:287,0
DA:288,0
DA:289,0
DA:292,0
DA:293,0
DA:294,0
DA:295,0
DA:299,0
DA:308,0
DA:310,0
DA:317,0
DA:318,0
DA:320,0
LF:126
LH:0
BRDA:12,0,0,0
BRDA:12,0,1,0
BRDA:16,1,0,0
BRDA:23,2,0,0
BRDA:29,3,0,0
BRDA:31,4,0,0
BRDA:37,5,0,0
BRDA:57,6,0,0
BRDA:76,7,0,0
BRDA:76,7,1,0
BRDA:90,8,0,0
BRDA:90,8,1,0
BRDA:91,9,0,0
BRDA:91,9,1,0
BRDA:96,10,0,0
BRDA:137,11,0,0
BRDA:137,11,1,0
BRDA:153,12,0,0
BRDA:159,13,0,0
BRDA:159,14,0,0
BRDA:159,14,1,0
BRDA:176,15,0,0
BRDA:176,15,1,0
BRDA:191,16,0,0
BRDA:197,17,0,0
BRDA:197,18,0,0
BRDA:197,18,1,0
BRDA:197,18,2,0
BRDA:211,19,0,0
BRDA:213,20,0,0
BRDA:219,21,0,0
BRDA:219,21,1,0
BRDA:237,22,0,0
BRDA:248,23,0,0
BRDA:248,23,1,0
BRDA:254,24,0,0
BRDA:273,25,0,0
BRDA:273,25,1,0
BRDA:287,26,0,0
BRDA:287,26,1,0
BRDA:288,27,0,0
BRDA:288,27,1,0
BRDA:293,28,0,0
BRDA:317,29,0,0
BRDA:317,29,1,0
BRF:45
BRH:0
end_of_record
TN:
SF:src\controllers\notificationController.ts
FN:7,(anonymous_0)
FN:51,(anonymous_1)
FN:82,(anonymous_2)
FN:102,(anonymous_3)
FN:132,(anonymous_4)
FNF:5
FNH:0
FNDA:0,(anonymous_0)
FNDA:0,(anonymous_1)
FNDA:0,(anonymous_2)
FNDA:0,(anonymous_3)
FNDA:0,(anonymous_4)
DA:2,0
DA:7,0
DA:8,0
DA:9,0
DA:10,0
DA:11,0
DA:13,0
DA:26,0
DA:27,0
DA:32,0
DA:40,0
DA:41,0
DA:43,0
DA:51,0
DA:52,0
DA:53,0
DA:55,0
DA:56,0
DA:57,0
DA:61,0
DA:62,0
DA:63,0
DA:66,0
DA:67,0
DA:69,0
DA:71,0
DA:72,0
DA:74,0
DA:82,0
DA:83,0
DA:84,0
DA:89,0
DA:91,0
DA:92,0
DA:94,0
DA:102,0
DA:103,0
DA:104,0
DA:106,0
DA:107,0
DA:108,0
DA:112,0
DA:113,0
DA:114,0
DA:117,0
DA:119,0
DA:121,0
DA:122,0
DA:124,0
DA:132,0
DA:133,0
DA:134,0
DA:139,0
DA:141,0
DA:142,0
DA:144,0
LF:56
LH:0
BRDA:9,0,0,0
BRDA:9,0,1,0
BRDA:10,1,0,0
BRDA:10,1,1,0
BRDA:40,2,0,0
BRDA:40,2,1,0
BRDA:55,3,0,0
BRDA:61,4,0,0
BRDA:71,5,0,0
BRDA:71,5,1,0
BRDA:91,6,0,0
BRDA:91,6,1,0
BRDA:106,7,0,0
BRDA:112,8,0,0
BRDA:121,9,0,0
BRDA:121,9,1,0
BRDA:141,10,0,0
BRDA:141,10,1,0
BRF:18
BRH:0
end_of_record
TN:
SF:src\controllers\postController.ts
FN:8,(anonymous_1)
FN:38,(anonymous_2)
FN:77,(anonymous_3)
FN:112,(anonymous_4)
FN:148,(anonymous_5)
FN:162,(anonymous_6)
FN:194,(anonymous_7)
FN:251,(anonymous_8)
FN:275,(anonymous_9)
FN:299,(anonymous_10)
FN:335,(anonymous_11)
FN:425,(anonymous_12)
FN:475,(anonymous_13)
FN:494,(anonymous_14)
FN:522,(anonymous_15)
FN:558,(anonymous_16)
FNF:16
FNH:0
FNDA:0,(anonymous_1)
FNDA:0,(anonymous_2)
FNDA:0,(anonymous_3)
FNDA:0,(anonymous_4)
FNDA:0,(anonymous_5)
FNDA:0,(anonymous_6)
FNDA:0,(anonymous_7)
FNDA:0,(anonymous_8)
FNDA:0,(anonymous_9)
FNDA:0,(anonymous_10)
FNDA:0,(anonymous_11)
FNDA:0,(anonymous_12)
FNDA:0,(anonymous_13)
FNDA:0,(anonymous_14)
FNDA:0,(anonymous_15)
FNDA:0,(anonymous_16)
DA:2,0
DA:3,0
DA:8,0
DA:9,0
DA:10,0
DA:11,0
DA:14,0
DA:15,0
DA:16,0
DA:19,0
DA:20,0
DA:21,0
DA:25,0
DA:26,0
DA:27,0
DA:31,0
DA:32,0
DA:33,0
DA:38,0
DA:39,0
DA:40,0
DA:42,0
DA:44,0
DA:47,0
DA:59,0
DA:64,0
DA:66,0
DA:67,0
DA:69,0
DA:77,0
DA:78,0
DA:79,0
DA:80,0
DA:81,0
DA:83,0
DA:92,0
DA:94,0
DA:101,0
DA:102,0
DA:104,0
DA:112,0
DA:113,0
DA:114,0
DA:115,0
DA:116,0
DA:119,0
DA:128,0
DA:130,0
DA:137,0
DA:138,0
DA:140,0
DA:148,0
DA:149,0
DA:150,0
DA:151,0
DA:152,0
DA:153,0
DA:155,0
DA:156,0
DA:157,0
DA:161,0
DA:162,0
DA:165,0
DA:174,0
DA:176,0
DA:183,0
DA:184,0
DA:186,0
DA:194,0
DA:195,0
DA:196,0
DA:201,0
DA:202,0
DA:203,0
DA:207,0
DA:215,0
DA:216,0
DA:218,0
DA:219,0
DA:224,0
DA:229,0
DA:230,0
DA:233,0
DA:240,0
DA:241,0
DA:243,0
DA:251,0
DA:252,0
DA:253,0
DA:254,0
DA:256,0
DA:257,0
DA:258,0
DA:262,0
DA:263,0
DA:264,0
DA:268,0
DA:269,0
DA:270,0
DA:271,0
DA:274,0
DA:275,0
DA:276,0
DA:277,0
DA:279,0
DA:281,0
DA:284,0
DA:286,0
DA:288,0
DA:289,0
DA:291,0
DA:299,0
DA:300,0
DA:301,0
DA:303,0
DA:304,0
DA:305,0
DA:309,0
DA:310,0
DA:311,0
DA:315,0
DA:322,0
DA:324,0
DA:325,0
DA:327,0
DA:335,0
DA:336,0
DA:337,0
DA:339,0
DA:340,0
DA:341,0
DA:344,0
DA:347,0
DA:348,0
DA:349,0
DA:350,0
DA:354,0
DA:359,0
DA:361,0
DA:367,0
DA:371,0
DA:374,0
DA:376,0
DA:377,0
DA:384,0
DA:385,0
DA:394,0
DA:398,0
DA:401,0
DA:403,0
DA:404,0
DA:408,0
DA:410,0
DA:413,0
DA:414,0
DA:415,0
DA:417,0
DA:425,0
DA:426,0
DA:427,0
DA:429,0
DA:430,0
DA:431,0
DA:434,0
DA:437,0
DA:438,0
DA:439,0
DA:440,0
DA:444,0
DA:449,0
DA:451,0
DA:452,0
DA:455,0
DA:460,0
DA:463,0
DA:464,0
DA:465,0
DA:467,0
DA:475,0
DA:476,0
DA:477,0
DA:478,0
DA:479,0
DA:481,0
DA:482,0
DA:483,0
DA:486,0
DA:489,0
DA:494,0
DA:497,0
DA:502,0
DA:504,0
DA:511,0
DA:512,0
DA:514,0
DA:522,0
DA:523,0
DA:524,0
DA:525,0
DA:526,0
DA:527,0
DA:529,0
DA:538,0
DA:540,0
DA:547,0
DA:548,0
DA:550,0
DA:558,0
DA:559,0
DA:560,0
DA:561,0
DA:562,0
DA:563,0
DA:566,0
DA:567,0
DA:568,0
DA:569,0
DA:572,0
DA:581,0
DA:583,0
DA:597,0
DA:598,0
DA:600,0
LF:223
LH:0
BRDA:14,0,0,0
BRDA:19,1,0,0
BRDA:19,2,0,0
BRDA:19,2,1,0
BRDA:19,2,2,0
BRDA:25,3,0,0
BRDA:25,4,0,0
BRDA:25,4,1,0
BRDA:31,5,0,0
BRDA:31,6,0,0
BRDA:31,6,1,0
BRDA:39,7,0,0
BRDA:53,8,0,0
BRDA:53,8,1,0
BRDA:66,9,0,0
BRDA:66,9,1,0
BRDA:79,10,0,0
BRDA:79,10,1,0
BRDA:80,11,0,0
BRDA:80,11,1,0
BRDA:101,12,0,0
BRDA:101,12,1,0
BRDA:114,13,0,0
BRDA:114,13,1,0
BRDA:115,14,0,0
BRDA:115,14,1,0
BRDA:137,15,0,0
BRDA:137,15,1,0
BRDA:150,16,0,0
BRDA:150,16,1,0
BRDA:151,17,0,0
BRDA:151,17,1,0
BRDA:155,18,0,0
BRDA:183,19,0,0
BRDA:183,19,1,0
BRDA:201,20,0,0
BRDA:218,21,0,0
BRDA:240,22,0,0
BRDA:240,22,1,0
BRDA:256,23,0,0
BRDA:262,24,0,0
BRDA:262,25,0,0
BRDA:262,25,1,0
BRDA:268,26,0,0
BRDA:269,27,0,0
BRDA:270,28,0,0
BRDA:271,29,0,0
BRDA:274,30,0,0
BRDA:276,31,0,0
BRDA:288,32,0,0
BRDA:288,32,1,0
BRDA:303,33,0,0
BRDA:309,34,0,0
BRDA:309,35,0,0
BRDA:309,35,1,0
BRDA:309,35,2,0
BRDA:324,36,0,0
BRDA:324,36,1,0
BRDA:339,37,0,0
BRDA:348,38,0,0
BRDA:359,39,0,0
BRDA:369,40,0,0
BRDA:369,40,1,0
BRDA:384,41,0,0
BRDA:396,42,0,0
BRDA:396,42,1,0
BRDA:401,43,0,0
BRDA:401,44,0,0
BRDA:401,44,1,0
BRDA:401,44,2,0
BRDA:401,44,3,0
BRDA:406,45,0,0
BRDA:406,45,1,0
BRDA:414,46,0,0
BRDA:414,46,1,0
BRDA:429,47,0,0
BRDA:438,48,0,0
BRDA:449,49,0,0
BRDA:449,49,1,0
BRDA:464,50,0,0
BRDA:464,50,1,0
BRDA:477,51,0,0
BRDA:477,51,1,0
BRDA:478,52,0,0
BRDA:478,52,1,0
BRDA:481,53,0,0
BRDA:511,54,0,0
BRDA:511,54,1,0
BRDA:525,55,0,0
BRDA:525,55,1,0
BRDA:526,56,0,0
BRDA:526,56,1,0
BRDA:547,57,0,0
BRDA:547,57,1,0
BRDA:561,58,0,0
BRDA:561,58,1,0
BRDA:562,59,0,0
BRDA:562,59,1,0
BRDA:567,60,0,0
BRDA:597,61,0,0
BRDA:597,61,1,0
BRF:101
BRH:0
end_of_record
TN:
SF:src\controllers\searchController.ts
FN:8,(anonymous_0)
FN:109,(anonymous_1)
FN:162,(anonymous_2)
FNF:3
FNH:0
FNDA:0,(anonymous_0)
FNDA:0,(anonymous_1)
FNDA:0,(anonymous_2)
DA:2,0
DA:8,0
DA:9,0
DA:10,0
DA:11,0
DA:13,0
DA:14,0
DA:17,0
DA:18,0
DA:20,0
DA:21,0
DA:24,0
DA:26,0
DA:41,0
DA:49,0
DA:51,0
DA:52,0
DA:57,0
DA:59,0
DA:71,0
DA:79,0
DA:81,0
DA:82,0
DA:87,0
DA:88,0
DA:91,0
DA:98,0
DA:99,0
DA:101,0
DA:109,0
DA:110,0
DA:111,0
DA:112,0
DA:114,0
DA:115,0
DA:118,0
DA:121,0
DA:136,0
DA:144,0
DA:151,0
DA:152,0
DA:154,0
DA:162,0
DA:163,0
DA:164,0
DA:165,0
DA:167,0
DA:168,0
DA:171,0
DA:174,0
DA:186,0
DA:194,0
DA:201,0
DA:202,0
DA:204,0
LF:55
LH:0
BRDA:10,0,0,0
BRDA:10,1,0,0
BRDA:13,2,0,0
BRDA:18,3,0,0
BRDA:18,3,1,0
BRDA:24,4,0,0
BRDA:24,5,0,0
BRDA:24,5,1,0
BRDA:34,6,0,0
BRDA:34,6,1,0
BRDA:35,7,0,0
BRDA:35,7,1,0
BRDA:51,8,0,0
BRDA:57,9,0,0
BRDA:57,10,0,0
BRDA:57,10,1,0
BRDA:68,11,0,0
BRDA:68,11,1,0
BRDA:69,12,0,0
BRDA:69,12,1,0
BRDA:81,13,0,0
BRDA:87,14,0,0
BRDA:98,15,0,0
BRDA:98,15,1,0
BRDA:111,16,0,0
BRDA:111,17,0,0
BRDA:114,18,0,0
BRDA:151,19,0,0
BRDA:151,19,1,0
BRDA:164,20,0,0
BRDA:164,21,0,0
BRDA:167,22,0,0
BRDA:201,23,0,0
BRDA:201,23,1,0
BRF:34
BRH:0
end_of_record
TN:
SF:src\controllers\socialController.ts
FN:8,(anonymous_1)
FN:64,(anonymous_2)
FN:96,(anonymous_3)
FN:116,(anonymous_4)
FN:131,(anonymous_5)
FN:138,(anonymous_6)
FN:163,(anonymous_7)
FN:183,(anonymous_8)
FN:198,(anonymous_9)
FN:205,(anonymous_10)
FN:230,(anonymous_11)
FN:254,(anonymous_12)
FN:298,(anonymous_13)
FN:310,(anonymous_14)
FNF:14
FNH:0
FNDA:0,(anonymous_1)
FNDA:0,(anonymous_2)
FNDA:0,(anonymous_3)
FNDA:0,(anonymous_4)
FNDA:0,(anonymous_5)
FNDA:0,(anonymous_6)
FNDA:0,(anonymous_7)
FNDA:0,(anonymous_8)
FNDA:0,(anonymous_9)
FNDA:0,(anonymous_10)
FNDA:0,(anonymous_11)
FNDA:0,(anonymous_12)
FNDA:0,(anonymous_13)
FNDA:0,(anonymous_14)
DA:2,0
DA:3,0
DA:8,0
DA:9,0
DA:10,0
DA:11,0
DA:14,0
DA:15,0
DA:16,0
DA:20,0
DA:21,0
DA:22,0
DA:23,0
DA:27,0
DA:32,0
DA:33,0
DA:34,0
DA:38,0
DA:44,0
DA:51,0
DA:53,0
DA:54,0
DA:56,0
DA:64,0
DA:65,0
DA:66,0
DA:67,0
DA:70,0
DA:75,0
DA:76,0
DA:77,0
DA:81,0
DA:83,0
DA:85,0
DA:86,0
DA:88,0
DA:96,0
DA:97,0
DA:98,0
DA:99,0
DA:100,0
DA:101,0
DA:104,0
DA:105,0
DA:106,0
DA:107,0
DA:111,0
DA:116,0
DA:119,0
DA:124,0
DA:125,0
DA:126,0
DA:131,0
DA:132,0
DA:133,0
DA:138,0
DA:143,0
DA:145,0
DA:152,0
DA:153,0
DA:155,0
DA:163,0
DA:164,0
DA:165,0
DA:166,0
DA:167,0
DA:168,0
DA:171,0
DA:172,0
DA:173,0
DA:174,0
DA:178,0
DA:183,0
DA:186,0
DA:191,0
DA:192,0
DA:193,0
DA:198,0
DA:199,0
DA:200,0
DA:205,0
DA:210,0
DA:212,0
DA:219,0
DA:220,0
DA:222,0
DA:230,0
DA:231,0
DA:232,0
DA:233,0
DA:236,0
DA:241,0
DA:243,0
DA:244,0
DA:246,0
DA:254,0
DA:255,0
DA:256,0
DA:259,0
DA:260,0
DA:261,0
DA:262,0
DA:266,0
DA:267,0
DA:268,0
DA:271,0
DA:272,0
DA:273,0
DA:277,0
DA:280,0
DA:287,0
DA:288,0
DA:290,0
DA:298,0
DA:299,0
DA:300,0
DA:301,0
DA:302,0
DA:305,0
DA:306,0
DA:309,0
DA:310,0
DA:313,0
DA:316,0
DA:321,0
DA:323,0
DA:324,0
DA:326,0
LF:128
LH:0
BRDA:14,0,0,0
BRDA:21,1,0,0
BRDA:32,2,0,0
BRDA:53,3,0,0
BRDA:53,3,1,0
BRDA:75,4,0,0
BRDA:85,5,0,0
BRDA:85,5,1,0
BRDA:99,6,0,0
BRDA:99,6,1,0
BRDA:100,7,0,0
BRDA:100,7,1,0
BRDA:105,8,0,0
BRDA:125,9,0,0
BRDA:140,10,0,0
BRDA:140,10,1,0
BRDA:152,11,0,0
BRDA:152,11,1,0
BRDA:166,12,0,0
BRDA:166,12,1,0
BRDA:167,13,0,0
BRDA:167,13,1,0
BRDA:172,14,0,0
BRDA:192,15,0,0
BRDA:207,16,0,0
BRDA:207,16,1,0
BRDA:219,17,0,0
BRDA:219,17,1,0
BRDA:243,18,0,0
BRDA:243,18,1,0
BRDA:260,19,0,0
BRDA:272,20,0,0
BRDA:287,21,0,0
BRDA:287,21,1,0
BRDA:300,22,0,0
BRDA:306,23,0,0
BRDA:306,23,1,0
BRDA:323,24,0,0
BRDA:323,24,1,0
BRF:39
BRH:0
end_of_record
TN:
SF:src\controllers\userController.ts
FN:10,(anonymous_1)
FN:32,(anonymous_2)
FN:60,(anonymous_3)
FN:97,(anonymous_4)
FN:113,(anonymous_5)
FN:164,(anonymous_6)
FN:199,(anonymous_7)
FNF:7
FNH:0
FNDA:0,(anonymous_1)
FNDA:0,(anonymous_2)
FNDA:0,(anonymous_3)
FNDA:0,(anonymous_4)
FNDA:0,(anonymous_5)
FNDA:0,(anonymous_6)
FNDA:0,(anonymous_7)
DA:2,0
DA:4,0
DA:5,0
DA:10,0
DA:11,0
DA:13,0
DA:15,0
DA:16,0
DA:18,0
DA:21,0
DA:22,0
DA:24,0
DA:32,0
DA:33,0
DA:34,0
DA:36,0
DA:37,0
DA:46,0
DA:49,0
DA:50,0
DA:52,0
DA:60,0
DA:61,0
DA:62,0
DA:64,0
DA:65,0
DA:66,0
DA:67,0
DA:68,0
DA:71,0
DA:72,0
DA:73,0
DA:74,0
DA:75,0
DA:79,0
DA:81,0
DA:83,0
DA:86,0
DA:87,0
DA:89,0
DA:97,0
DA:98,0
DA:99,0
DA:100,0
DA:102,0
DA:103,0
DA:105,0
DA:113,0
DA:114,0
DA:115,0
DA:118,0
DA:119,0
DA:126,0
DA:128,0
DA:129,0
DA:130,0
DA:134,0
DA:135,0
DA:137,0
DA:145,0
DA:153,0
DA:154,0
DA:156,0
DA:164,0
DA:165,0
DA:166,0
DA:169,0
DA:170,0
DA:173,0
DA:175,0
DA:176,0
DA:185,0
DA:188,0
DA:189,0
DA:191,0
DA:199,0
DA:200,0
DA:201,0
DA:203,0
DA:204,0
DA:205,0
DA:207,0
DA:210,0
DA:211,0
DA:213,0
LF:85
LH:0
BRDA:15,0,0,0
BRDA:15,0,1,0
BRDA:21,1,0,0
BRDA:21,1,1,0
BRDA:36,2,0,0
BRDA:36,2,1,0
BRDA:49,3,0,0
BRDA:49,3,1,0
BRDA:64,4,0,0
BRDA:64,4,1,0
BRDA:65,5,0,0
BRDA:65,5,1,0
BRDA:66,6,0,0
BRDA:66,6,1,0
BRDA:67,7,0,0
BRDA:67,7,1,0
BRDA:68,8,0,0
BRDA:68,8,1,0
BRDA:71,9,0,0
BRDA:71,10,0,0
BRDA:71,10,1,0
BRDA:73,11,0,0
BRDA:86,12,0,0
BRDA:86,12,1,0
BRDA:102,13,0,0
BRDA:102,13,1,0
BRDA:118,14,0,0
BRDA:118,15,0,0
BRDA:118,15,1,0
BRDA:118,15,2,0
BRDA:118,15,3,0
BRDA:128,16,0,0
BRDA:153,17,0,0
BRDA:153,17,1,0
BRDA:169,18,0,0
BRDA:175,19,0,0
BRDA:175,19,1,0
BRDA:188,20,0,0
BRDA:188,20,1,0
BRDA:203,21,0,0
BRDA:203,21,1,0
BRDA:210,22,0,0
BRDA:210,22,1,0
BRF:43
BRH:0
end_of_record
TN:
SF:src\middleware\authMiddleware.ts
FN:20,(anonymous_0)
FN:89,(anonymous_1)
FN:106,(anonymous_2)
FNF:3
FNH:0
FNDA:0,(anonymous_0)
FNDA:0,(anonymous_1)
FNDA:0,(anonymous_2)
DA:2,1
DA:4,1
DA:20,1
DA:24,0
DA:28,0
DA:30,0
DA:32,0
DA:33,0
DA:37,0
DA:41,0
DA:42,0
DA:43,0
DA:47,0
DA:51,0
DA:53,0
DA:54,0
DA:58,0
DA:62,0
DA:63,0
DA:65,0
DA:66,0
DA:68,0
DA:69,0
DA:73,0
DA:78,0
DA:82,0
DA:89,1
DA:90,0
DA:91,0
DA:93,0
DA:97,0
DA:106,1
DA:110,0
DA:114,0
DA:116,0
DA:118,0
DA:120,0
DA:121,0
DA:122,0
DA:126,0
DA:127,0
DA:129,0
DA:130,0
DA:131,0
DA:135,0
DA:137,0
DA:139,0
DA:140,0
DA:141,0
DA:145,0
DA:151,0
LF:51
LH:5
BRDA:24,0,0,0
BRDA:25,1,0,0
BRDA:25,1,1,0
BRDA:32,2,0,0
BRDA:32,3,0,0
BRDA:32,3,1,0
BRDA:32,3,2,0
BRDA:42,4,0,0
BRDA:53,5,0,0
BRDA:90,6,0,0
BRDA:90,6,1,0
BRDA:90,7,0,0
BRDA:90,7,1,0
BRDA:110,8,0,0
BRDA:111,9,0,0
BRDA:111,9,1,0
BRDA:118,10,0,0
BRDA:118,11,0,0
BRDA:118,11,1,0
BRDA:118,11,2,0
BRDA:127,12,0,0
BRDA:137,13,0,0
BRF:22
BRH:0
end_of_record
TN:
SF:src\models\bookmarkModel.ts
FNF:0
FNH:0
DA:1,1
DA:9,1
DA:28,1
DA:30,1
DA:32,1
LF:5
LH:5
BRF:0
BRH:0
end_of_record
TN:
SF:src\models\commentModel.ts
FNF:0
FNH:0
DA:1,1
DA:14,1
DA:50,1
DA:51,1
DA:53,1
LF:5
LH:5
BRF:0
BRH:0
end_of_record
TN:
SF:src\models\followModel.ts
FNF:0
FNH:0
DA:1,1
DA:9,1
DA:28,1
DA:30,1
DA:31,1
DA:33,1
LF:6
LH:6
BRF:0
BRH:0
end_of_record
TN:
SF:src\models\index.ts
FNF:0
FNH:0
DA:1,1
DA:2,1
DA:3,1
DA:4,1
DA:5,1
DA:6,1
DA:7,1
DA:11,1
DA:12,1
DA:13,1
DA:14,1
DA:15,1
DA:16,1
DA:17,1
LF:14
LH:14
BRF:0
BRH:0
end_of_record
TN:
SF:src\models\likeModel.ts
FN:36,(anonymous_9)
FNF:1
FNH:0
FNDA:0,(anonymous_9)
DA:1,1
DA:10,1
DA:32,1
DA:33,1
DA:36,1
DA:37,0
DA:38,0
DA:40,0
DA:45,1
DA:46,1
DA:48,1
LF:11
LH:8
BRDA:37,0,0,0
BRDA:37,0,1,0
BRDA:37,1,0,0
BRDA:37,1,1,0
BRDA:37,1,2,0
BRDA:37,1,3,0
BRF:6
BRH:0
end_of_record
TN:
SF:src\models\notificationModel.ts
FNF:0
FNH:0
DA:1,1
DA:13,1
DA:48,1
DA:50,1
LF:4
LH:4
BRF:0
BRH:0
end_of_record
TN:
SF:src\models\postModel.ts
FN:38,(anonymous_9)
FN:56,(anonymous_10)
FN:83,(anonymous_11)
FN:86,(anonymous_12)
FNF:4
FNH:4
FNDA:5,(anonymous_9)
FNDA:5,(anonymous_10)
FNDA:5,(anonymous_11)
FNDA:6,(anonymous_12)
DA:1,2
DA:29,2
DA:39,5
DA:57,5
DA:86,5
DA:87,6
DA:88,6
DA:90,0
DA:92,5
DA:109,2
LF:10
LH:9
BRDA:57,0,0,5
BRDA:57,0,1,5
BRDA:87,1,0,6
BRDA:92,2,0,5
BRDA:92,2,1,4
BRF:5
BRH:5
end_of_record
TN:
SF:src\models\userModel.ts
FNF:0
FNH:0
DA:1,3
DA:17,3
DA:66,3
LF:3
LH:3
BRF:0
BRH:0
end_of_record
TN:
SF:src\routes\authRoutes.ts
FNF:0
FNH:0
DA:1,1
DA:2,1
DA:8,1
DA:10,1
DA:13,1
DA:14,1
DA:15,1
DA:18,1
DA:20,1
LF:9
LH:9
BRF:0
BRH:0
end_of_record
TN:
SF:src\routes\commentRoutes.ts
FNF:0
FNH:0
DA:1,0
DA:2,0
DA:10,0
DA:12,0
DA:15,0
DA:16,0
DA:19,0
DA:20,0
DA:21,0
DA:22,0
DA:24,0
LF:11
LH:0
BRF:0
BRH:0
end_of_record
TN:
SF:src\routes\notificationRoutes.ts
FNF:0
FNH:0
DA:1,0
DA:2,0
DA:3,0
DA:11,0
DA:14,0
DA:16,0
DA:17,0
DA:18,0
DA:19,0
DA:20,0
DA:22,0
LF:11
LH:0
BRF:0
BRH:0
end_of_record
TN:
SF:src\routes\postRoutes.ts
FNF:0
FNH:0
DA:1,0
DA:2,0
DA:16,0
DA:18,0
DA:21,0
DA:22,0
DA:23,0
DA:26,0
DA:27,0
DA:28,0
DA:29,0
DA:32,0
DA:33,0
DA:34,0
DA:35,0
DA:36,0
DA:38,0
LF:17
LH:0
BRF:0
BRH:0
end_of_record
TN:
SF:src\routes\searchRoutes.ts
FNF:0
FNH:0
DA:1,0
DA:2,0
DA:7,0
DA:9,0
DA:12,0
DA:13,0
DA:14,0
DA:16,0
LF:8
LH:0
BRF:0
BRH:0
end_of_record
TN:
SF:src\routes\socialRoutes.ts
FNF:0
FNH:0
DA:1,0
DA:2,0
DA:11,0
DA:13,0
DA:16,0
DA:17,0
DA:18,0
DA:19,0
DA:22,0
DA:23,0
DA:24,0
DA:26,0
LF:12
LH:0
BRF:0
BRH:0
end_of_record
TN:
SF:src\routes\userRoutes.ts
FNF:0
FNH:0
DA:1,0
DA:2,0
DA:11,0
DA:13,0
DA:16,0
DA:17,0
DA:20,0
DA:21,0
DA:22,0
DA:25,0
DA:26,0
DA:27,0
DA:29,0
LF:13
LH:0
BRF:0
BRH:0
end_of_record
TN:
SF:src\types\express.d.ts
FNF:0
FNH:0
LF:0
LH:0
BRF:0
BRH:0
end_of_record
TN:
SF:src\utils\authUtils.ts
FN:24,(anonymous_1)
FN:35,(anonymous_2)
FN:47,(anonymous_3)
FN:70,(anonymous_4)
FN:85,(anonymous_5)
FN:101,(anonymous_6)
FN:127,(anonymous_7)
FN:143,(anonymous_8)
FNF:8
FNH:4
FNDA:5,(anonymous_1)
FNDA:2,(anonymous_2)
FNDA:6,(anonymous_3)
FNDA:0,(anonymous_4)
FNDA:0,(anonymous_5)
FNDA:0,(anonymous_6)
FNDA:0,(anonymous_7)
FNDA:6,(anonymous_8)
DA:1,1
DA:2,1
DA:7,1
DA:8,1
DA:9,1
DA:10,1
DA:13,1
DA:14,1
DA:15,1
DA:16,1
DA:17,1
DA:24,1
DA:25,5
DA:26,5
DA:35,1
DA:39,2
DA:47,1
DA:49,6
DA:56,6
DA:62,6
DA:70,1
DA:71,0
DA:72,0
DA:73,0
DA:75,0
DA:76,0
DA:85,1
DA:86,0
DA:87,0
DA:88,0
DA:90,0
DA:91,0
DA:101,1
DA:107,0
DA:115,0
DA:127,1
DA:128,0
DA:132,0
DA:143,1
DA:144,6
LF:40
LH:26
BRDA:7,0,0,1
BRDA:7,0,1,0
BRDA:8,1,0,1
BRDA:8,1,1,1
BRDA:9,2,0,1
BRDA:9,2,1,1
BRDA:10,3,0,1
BRDA:10,3,1,1
BRF:8
BRH:7
end_of_record
