{"numTotalTestSuites":5,"numPassedTestSuites":5,"numFailedTestSuites":0,"numPendingTestSuites":0,"numTotalTests":10,"numPassedTests":10,"numFailedTests":0,"numPendingTests":0,"numTodoTests":0,"startTime":1748269867686,"success":true,"testResults":[{"assertionResults":[{"ancestorTitles":[""],"fullName":" renders main navigation element","status":"passed","title":"renders main navigation element","duration":58,"failureMessages":[]}],"startTime":1748269870908,"endTime":1748269870966,"status":"passed","message":"","name":"C:/Users/Tsoogii/Desktop/sandbox/Mercury/Mercury/frontend/src/App.test.tsx"},{"assertionResults":[{"ancestorTitles":["","RichTextEditor Component"],"fullName":" RichTextEditor Component renders with toolbar and content area","status":"passed","title":"renders with toolbar and content area","duration":26,"failureMessages":[]},{"ancestorTitles":["","RichTextEditor Component"],"fullName":" RichTextEditor Component has formatting buttons in the toolbar","status":"passed","title":"has formatting buttons in the toolbar","duration":4,"failureMessages":[]},{"ancestorTitles":["","RichTextEditor Component"],"fullName":" RichTextEditor Component calls onChange when content changes","status":"passed","title":"calls onChange when content changes","duration":76,"failureMessages":[]},{"ancestorTitles":["","RichTextEditor Component"],"fullName":" RichTextEditor Component renders with initial blocks","status":"passed","title":"renders with initial blocks","duration":3,"failureMessages":[]},{"ancestorTitles":["","RichTextEditor Component"],"fullName":" RichTextEditor Component applies formatting when toolbar buttons are clicked","status":"passed","title":"applies formatting when toolbar buttons are clicked","duration":74,"failureMessages":[]}],"startTime":1748269870263,"endTime":1748269870446,"status":"passed","message":"","name":"C:/Users/Tsoogii/Desktop/sandbox/Mercury/Mercury/frontend/src/__tests__/components/RichTextEditor.test.tsx"},{"assertionResults":[{"ancestorTitles":["","AuthContext"],"fullName":" AuthContext should provide initial loading state","status":"passed","title":"should provide initial loading state","duration":146,"failureMessages":[]},{"ancestorTitles":["","AuthContext"],"fullName":" AuthContext should log in a user","status":"passed","title":"should log in a user","duration":66,"failureMessages":[]},{"ancestorTitles":["","AuthContext"],"fullName":" AuthContext should register a new user","status":"passed","title":"should register a new user","duration":10,"failureMessages":[]},{"ancestorTitles":["","AuthContext"],"fullName":" AuthContext should logout a user","status":"passed","title":"should logout a user","duration":29,"failureMessages":[]}],"startTime":1748269870333,"endTime":1748269870585,"status":"passed","message":"","name":"C:/Users/Tsoogii/Desktop/sandbox/Mercury/Mercury/frontend/src/__tests__/context/AuthContext.test.tsx"}]}